{"D:\\Magic EdTech\\Project Work 1 (24-04-2025)\\movie_explorer_reactjs_preu_sharma\\src\\components\\FeaturedBanner.tsx": {"path":"D:\\Magic EdTech\\Project Work 1 (24-04-2025)\\movie_explorer_reactjs_preu_sharma\\src\\components\\FeaturedBanner.tsx","statementMap":{"0":{"start":{"line":1,"column":0},"end":{"line":1,"column":51}},"1":{"start":{"line":2,"column":0},"end":{"line":2,"column":56}},"2":{"start":{"line":3,"column":0},"end":{"line":3,"column":65}},"3":{"start":{"line":4,"column":0},"end":{"line":4,"column":47}},"4":{"start":{"line":16,"column":27},"end":{"line":27,"column":2}},"5":{"start":{"line":29,"column":26},"end":{"line":42,"column":2}},"6":{"start":{"line":44,"column":54},"end":{"line":166,"column":1}},"7":{"start":{"line":47,"column":32},"end":{"line":47,"column":58}},"8":{"start":{"line":48,"column":42},"end":{"line":48,"column":53}},"9":{"start":{"line":49,"column":19},"end":{"line":49,"column":32}},"10":{"start":{"line":53,"column":4},"end":{"line":53,"column":70}},"11":{"start":{"line":55,"column":2},"end":{"line":77,"column":9}},"12":{"start":{"line":56,"column":25},"end":{"line":73,"column":6}},"13":{"start":{"line":56,"column":36},"end":{"line":73,"column":6}},"14":{"start":{"line":57,"column":6},"end":{"line":72,"column":7}},"15":{"start":{"line":58,"column":25},"end":{"line":58,"column":44}},"16":{"start":{"line":59,"column":21},"end":{"line":59,"column":42}},"17":{"start":{"line":61,"column":8},"end":{"line":69,"column":9}},"18":{"start":{"line":62,"column":28},"end":{"line":66,"column":13}},"19":{"start":{"line":62,"column":61},"end":{"line":66,"column":12}},"20":{"start":{"line":67,"column":10},"end":{"line":67,"column":32}},"21":{"start":{"line":68,"column":10},"end":{"line":68,"column":29}},"22":{"start":{"line":71,"column":8},"end":{"line":71,"column":56}},"23":{"start":{"line":75,"column":4},"end":{"line":75,"column":19}},"24":{"start":{"line":76,"column":4},"end":{"line":76,"column":63}},"25":{"start":{"line":79,"column":2},"end":{"line":87,"column":37}},"26":{"start":{"line":80,"column":4},"end":{"line":80,"column":37}},"27":{"start":{"line":80,"column":30},"end":{"line":80,"column":37}},"28":{"start":{"line":82,"column":21},"end":{"line":84,"column":20}},"29":{"start":{"line":83,"column":6},"end":{"line":83,"column":71}},"30":{"start":{"line":83,"column":37},"end":{"line":83,"column":69}},"31":{"start":{"line":86,"column":4},"end":{"line":86,"column":41}},"32":{"start":{"line":86,"column":17},"end":{"line":86,"column":40}},"33":{"start":{"line":89,"column":2},"end":{"line":95,"column":3}},"34":{"start":{"line":90,"column":4},"end":{"line":94,"column":6}},"35":{"start":{"line":97,"column":40},"end":{"line":97,"column":61}},"36":{"start":{"line":99,"column":2},"end":{"line":165,"column":4}},"37":{"start":{"line":145,"column":34},"end":{"line":145,"column":63}},"38":{"start":{"line":153,"column":34},"end":{"line":153,"column":69}},"39":{"start":{"line":168,"column":0},"end":{"line":168,"column":30}}},"fnMap":{"0":{"name":"(anonymous_7)","decl":{"start":{"line":44,"column":54},"end":{"line":44,"column":55}},"loc":{"start":{"line":46,"column":5},"end":{"line":166,"column":1}}},"1":{"name":"(anonymous_8)","decl":{"start":{"line":55,"column":12},"end":{"line":55,"column":15}},"loc":{"start":{"line":55,"column":17},"end":{"line":77,"column":3}}},"2":{"name":"(anonymous_9)","decl":{"start":{"line":56,"column":25},"end":{"line":56,"column":34}},"loc":{"start":{"line":56,"column":36},"end":{"line":73,"column":6}}},"3":{"name":"(anonymous_10)","decl":{"start":{"line":56,"column":36},"end":{"line":56,"column":null}},"loc":{"start":{"line":56,"column":36},"end":{"line":73,"column":5}}},"4":{"name":"(anonymous_11)","decl":{"start":{"line":62,"column":44},"end":{"line":62,"column":45}},"loc":{"start":{"line":62,"column":61},"end":{"line":66,"column":12}}},"5":{"name":"(anonymous_12)","decl":{"start":{"line":79,"column":12},"end":{"line":79,"column":15}},"loc":{"start":{"line":79,"column":17},"end":{"line":87,"column":3}}},"6":{"name":"(anonymous_13)","decl":{"start":{"line":82,"column":33},"end":{"line":82,"column":36}},"loc":{"start":{"line":82,"column":38},"end":{"line":84,"column":5}}},"7":{"name":"(anonymous_14)","decl":{"start":{"line":83,"column":22},"end":{"line":83,"column":23}},"loc":{"start":{"line":83,"column":37},"end":{"line":83,"column":69}}},"8":{"name":"(anonymous_15)","decl":{"start":{"line":86,"column":11},"end":{"line":86,"column":14}},"loc":{"start":{"line":86,"column":17},"end":{"line":86,"column":40}}},"9":{"name":"(anonymous_16)","decl":{"start":{"line":145,"column":28},"end":{"line":145,"column":31}},"loc":{"start":{"line":145,"column":34},"end":{"line":145,"column":63}}},"10":{"name":"(anonymous_17)","decl":{"start":{"line":153,"column":28},"end":{"line":153,"column":31}},"loc":{"start":{"line":153,"column":34},"end":{"line":153,"column":69}}}},"branchMap":{"0":{"loc":{"start":{"line":45,"column":2},"end":{"line":45,"column":21}},"type":"default-arg","locations":[{"start":{"line":45,"column":17},"end":{"line":45,"column":21}}]},"1":{"loc":{"start":{"line":61,"column":8},"end":{"line":69,"column":9}},"type":"if","locations":[{"start":{"line":61,"column":8},"end":{"line":69,"column":9}}]},"2":{"loc":{"start":{"line":61,"column":12},"end":{"line":61,"column":32}},"type":"cond-expr","locations":[{"start":{"line":61,"column":24},"end":{"line":61,"column":26}},{"start":{"line":61,"column":24},"end":{"line":61,"column":32}}]},"3":{"loc":{"start":{"line":61,"column":12},"end":{"line":61,"column":26}},"type":"binary-expr","locations":[{"start":{"line":61,"column":12},"end":{"line":61,"column":26}},{"start":{"line":61,"column":24},"end":{"line":61,"column":26}}]},"4":{"loc":{"start":{"line":61,"column":12},"end":{"line":61,"column":24}},"type":"cond-expr","locations":[{"start":{"line":61,"column":16},"end":{"line":61,"column":18}},{"start":{"line":61,"column":12},"end":{"line":61,"column":24}}]},"5":{"loc":{"start":{"line":61,"column":12},"end":{"line":61,"column":18}},"type":"binary-expr","locations":[{"start":{"line":61,"column":12},"end":{"line":61,"column":18}},{"start":{"line":61,"column":12},"end":{"line":61,"column":18}}]},"6":{"loc":{"start":{"line":76,"column":26},"end":{"line":76,"column":61}},"type":"binary-expr","locations":[{"start":{"line":76,"column":26},"end":{"line":76,"column":55}},{"start":{"line":76,"column":59},"end":{"line":76,"column":61}}]},"7":{"loc":{"start":{"line":80,"column":4},"end":{"line":80,"column":37}},"type":"if","locations":[{"start":{"line":80,"column":4},"end":{"line":80,"column":37}}]},"8":{"loc":{"start":{"line":89,"column":2},"end":{"line":95,"column":3}},"type":"if","locations":[{"start":{"line":89,"column":2},"end":{"line":95,"column":3}}]},"9":{"loc":{"start":{"line":89,"column":6},"end":{"line":89,"column":47}},"type":"binary-expr","locations":[{"start":{"line":89,"column":6},"end":{"line":89,"column":21}},{"start":{"line":89,"column":25},"end":{"line":89,"column":47}}]}},"s":{"0":1,"1":1,"2":1,"3":1,"4":1,"5":1,"6":1,"7":8,"8":8,"9":8,"10":8,"11":8,"12":4,"13":4,"14":4,"15":4,"16":4,"17":4,"18":4,"19":8,"20":4,"21":4,"22":0,"23":4,"24":4,"25":8,"26":7,"27":4,"28":3,"29":1,"30":1,"31":3,"32":3,"33":8,"34":4,"35":4,"36":4,"37":0,"38":0,"39":1},"f":{"0":8,"1":4,"2":4,"3":4,"4":8,"5":7,"6":1,"7":1,"8":3,"9":0,"10":0},"b":{"0":[0],"1":[4],"2":[0,4],"3":[4,4],"4":[0,4],"5":[4,4],"6":[4,4],"7":[4],"8":[4],"9":[8,4]}}
,"D:\\Magic EdTech\\Project Work 1 (24-04-2025)\\movie_explorer_reactjs_preu_sharma\\src\\components\\Footer.tsx": {"path":"D:\\Magic EdTech\\Project Work 1 (24-04-2025)\\movie_explorer_reactjs_preu_sharma\\src\\components\\Footer.tsx","statementMap":{"0":{"start":{"line":2,"column":0},"end":{"line":2,"column":80}},"1":{"start":{"line":3,"column":0},"end":{"line":3,"column":47}},"2":{"start":{"line":5,"column":25},"end":{"line":78,"column":1}},"3":{"start":{"line":6,"column":19},"end":{"line":6,"column":32}},"4":{"start":{"line":8,"column":2},"end":{"line":77,"column":4}},"5":{"start":{"line":23,"column":75},"end":{"line":23,"column":88}},"6":{"start":{"line":24,"column":75},"end":{"line":24,"column":104}},"7":{"start":{"line":25,"column":75},"end":{"line":25,"column":110}},"8":{"start":{"line":26,"column":75},"end":{"line":26,"column":105}},"9":{"start":{"line":62,"column":16},"end":{"line":62,"column":52}},"10":{"start":{"line":63,"column":16},"end":{"line":63,"column":38}},"11":{"start":{"line":80,"column":0},"end":{"line":80,"column":22}}},"fnMap":{"0":{"name":"(anonymous_0)","decl":{"start":{"line":5,"column":25},"end":{"line":5,"column":28}},"loc":{"start":{"line":5,"column":30},"end":{"line":78,"column":1}}},"1":{"name":"(anonymous_1)","decl":{"start":{"line":23,"column":69},"end":{"line":23,"column":72}},"loc":{"start":{"line":23,"column":75},"end":{"line":23,"column":88}}},"2":{"name":"(anonymous_2)","decl":{"start":{"line":24,"column":69},"end":{"line":24,"column":72}},"loc":{"start":{"line":24,"column":75},"end":{"line":24,"column":104}}},"3":{"name":"(anonymous_3)","decl":{"start":{"line":25,"column":69},"end":{"line":25,"column":72}},"loc":{"start":{"line":25,"column":75},"end":{"line":25,"column":110}}},"4":{"name":"(anonymous_4)","decl":{"start":{"line":26,"column":69},"end":{"line":26,"column":72}},"loc":{"start":{"line":26,"column":75},"end":{"line":26,"column":105}}},"5":{"name":"(anonymous_5)","decl":{"start":{"line":61,"column":23},"end":{"line":61,"column":26}},"loc":{"start":{"line":61,"column":28},"end":{"line":64,"column":15}}}},"branchMap":{},"s":{"0":1,"1":1,"2":1,"3":5,"4":5,"5":0,"6":0,"7":0,"8":0,"9":0,"10":0,"11":1},"f":{"0":5,"1":0,"2":0,"3":0,"4":0,"5":0},"b":{}}
,"D:\\Magic EdTech\\Project Work 1 (24-04-2025)\\movie_explorer_reactjs_preu_sharma\\src\\components\\Header.tsx": {"path":"D:\\Magic EdTech\\Project Work 1 (24-04-2025)\\movie_explorer_reactjs_preu_sharma\\src\\components\\Header.tsx","statementMap":{"0":{"start":{"line":1,"column":0},"end":{"line":1,"column":78}},"1":{"start":{"line":2,"column":0},"end":{"line":2,"column":55}},"2":{"start":{"line":3,"column":0},"end":{"line":3,"column":54}},"3":{"start":{"line":4,"column":0},"end":{"line":4,"column":53}},"4":{"start":{"line":5,"column":0},"end":{"line":5,"column":36}},"5":{"start":{"line":6,"column":0},"end":{"line":6,"column":64}},"6":{"start":{"line":40,"column":38},"end":{"line":474,"column":2}},"7":{"start":{"line":41,"column":34},"end":{"line":41,"column":46}},"8":{"start":{"line":42,"column":36},"end":{"line":42,"column":48}},"9":{"start":{"line":43,"column":34},"end":{"line":43,"column":50}},"10":{"start":{"line":44,"column":38},"end":{"line":44,"column":53}},"11":{"start":{"line":45,"column":42},"end":{"line":45,"column":57}},"12":{"start":{"line":46,"column":46},"end":{"line":46,"column":61}},"13":{"start":{"line":47,"column":38},"end":{"line":47,"column":53}},"14":{"start":{"line":48,"column":42},"end":{"line":48,"column":63}},"15":{"start":{"line":49,"column":40},"end":{"line":49,"column":55}},"16":{"start":{"line":50,"column":40},"end":{"line":50,"column":51}},"17":{"start":{"line":51,"column":38},"end":{"line":56,"column":4}},"18":{"start":{"line":57,"column":20},"end":{"line":57,"column":48}},"19":{"start":{"line":58,"column":19},"end":{"line":58,"column":49}},"20":{"start":{"line":59,"column":29},"end":{"line":59,"column":64}},"21":{"start":{"line":60,"column":19},"end":{"line":60,"column":32}},"22":{"start":{"line":62,"column":2},"end":{"line":75,"column":9}},"23":{"start":{"line":63,"column":21},"end":{"line":63,"column":73}},"24":{"start":{"line":64,"column":4},"end":{"line":64,"column":38}},"25":{"start":{"line":66,"column":18},"end":{"line":66,"column":47}},"26":{"start":{"line":67,"column":4},"end":{"line":74,"column":5}},"27":{"start":{"line":68,"column":6},"end":{"line":68,"column":33}},"28":{"start":{"line":69,"column":6},"end":{"line":69,"column":35}},"29":{"start":{"line":70,"column":6},"end":{"line":70,"column":33}},"30":{"start":{"line":71,"column":6},"end":{"line":71,"column":26}},"31":{"start":{"line":73,"column":6},"end":{"line":73,"column":27}},"32":{"start":{"line":77,"column":2},"end":{"line":90,"column":9}},"33":{"start":{"line":78,"column":31},"end":{"line":87,"column":5}},"34":{"start":{"line":79,"column":6},"end":{"line":86,"column":7}},"35":{"start":{"line":83,"column":8},"end":{"line":83,"column":29}},"36":{"start":{"line":84,"column":8},"end":{"line":84,"column":28}},"37":{"start":{"line":85,"column":8},"end":{"line":85,"column":26}},"38":{"start":{"line":88,"column":4},"end":{"line":88,"column":63}},"39":{"start":{"line":89,"column":4},"end":{"line":89,"column":79}},"40":{"start":{"line":89,"column":17},"end":{"line":89,"column":78}},"41":{"start":{"line":92,"column":2},"end":{"line":96,"column":19}},"42":{"start":{"line":93,"column":4},"end":{"line":95,"column":5}},"43":{"start":{"line":94,"column":6},"end":{"line":94,"column":31}},"44":{"start":{"line":98,"column":23},"end":{"line":129,"column":8}},"45":{"start":{"line":98,"column":73},"end":{"line":129,"column":5}},"46":{"start":{"line":99,"column":4},"end":{"line":109,"column":5}},"47":{"start":{"line":100,"column":6},"end":{"line":100,"column":26}},"48":{"start":{"line":101,"column":6},"end":{"line":101,"column":28}},"49":{"start":{"line":102,"column":6},"end":{"line":107,"column":9}},"50":{"start":{"line":108,"column":6},"end":{"line":108,"column":13}},"51":{"start":{"line":111,"column":4},"end":{"line":128,"column":5}},"52":{"start":{"line":112,"column":6},"end":{"line":112,"column":27}},"53":{"start":{"line":113,"column":38},"end":{"line":113,"column":76}},"54":{"start":{"line":114,"column":6},"end":{"line":114,"column":39}},"55":{"start":{"line":115,"column":6},"end":{"line":115,"column":41}},"56":{"start":{"line":117,"column":6},"end":{"line":117,"column":44}},"57":{"start":{"line":118,"column":6},"end":{"line":118,"column":63}},"58":{"start":{"line":119,"column":6},"end":{"line":119,"column":26}},"59":{"start":{"line":120,"column":6},"end":{"line":125,"column":9}},"60":{"start":{"line":127,"column":6},"end":{"line":127,"column":28}},"61":{"start":{"line":131,"column":26},"end":{"line":140,"column":null}},"62":{"start":{"line":133,"column":6},"end":{"line":135,"column":7}},"63":{"start":{"line":134,"column":8},"end":{"line":134,"column":49}},"64":{"start":{"line":136,"column":6},"end":{"line":138,"column":14}},"65":{"start":{"line":137,"column":8},"end":{"line":137,"column":34}},"66":{"start":{"line":143,"column":2},"end":{"line":149,"column":9}},"67":{"start":{"line":144,"column":4},"end":{"line":148,"column":6}},"68":{"start":{"line":145,"column":6},"end":{"line":147,"column":7}},"69":{"start":{"line":146,"column":8},"end":{"line":146,"column":49}},"70":{"start":{"line":151,"column":34},"end":{"line":158,"column":null}},"71":{"start":{"line":153,"column":20},"end":{"line":153,"column":34}},"72":{"start":{"line":154,"column":6},"end":{"line":154,"column":23}},"73":{"start":{"line":155,"column":6},"end":{"line":155,"column":24}},"74":{"start":{"line":156,"column":6},"end":{"line":156,"column":32}},"75":{"start":{"line":161,"column":27},"end":{"line":168,"column":null}},"76":{"start":{"line":163,"column":6},"end":{"line":166,"column":7}},"77":{"start":{"line":164,"column":8},"end":{"line":164,"column":32}},"78":{"start":{"line":165,"column":8},"end":{"line":165,"column":41}},"79":{"start":{"line":171,"column":22},"end":{"line":184,"column":17}},"80":{"start":{"line":172,"column":4},"end":{"line":172,"column":18}},"81":{"start":{"line":173,"column":4},"end":{"line":173,"column":24}},"82":{"start":{"line":174,"column":4},"end":{"line":174,"column":22}},"83":{"start":{"line":175,"column":4},"end":{"line":180,"column":7}},"84":{"start":{"line":181,"column":4},"end":{"line":183,"column":5}},"85":{"start":{"line":182,"column":6},"end":{"line":182,"column":31}},"86":{"start":{"line":186,"column":23},"end":{"line":195,"column":17}},"87":{"start":{"line":187,"column":4},"end":{"line":194,"column":7}},"88":{"start":{"line":188,"column":6},"end":{"line":192,"column":7}},"89":{"start":{"line":189,"column":8},"end":{"line":189,"column":28}},"90":{"start":{"line":190,"column":8},"end":{"line":190,"column":26}},"91":{"start":{"line":191,"column":8},"end":{"line":191,"column":22}},"92":{"start":{"line":193,"column":6},"end":{"line":193,"column":19}},"93":{"start":{"line":197,"column":23},"end":{"line":209,"column":8}},"94":{"start":{"line":197,"column":46},"end":{"line":209,"column":5}},"95":{"start":{"line":198,"column":4},"end":{"line":208,"column":5}},"96":{"start":{"line":199,"column":23},"end":{"line":199,"column":41}},"97":{"start":{"line":200,"column":6},"end":{"line":200,"column":70}},"98":{"start":{"line":201,"column":6},"end":{"line":201,"column":39}},"99":{"start":{"line":202,"column":6},"end":{"line":202,"column":42}},"100":{"start":{"line":203,"column":6},"end":{"line":203,"column":27}},"101":{"start":{"line":204,"column":6},"end":{"line":204,"column":33}},"102":{"start":{"line":206,"column":6},"end":{"line":206,"column":53}},"103":{"start":{"line":207,"column":6},"end":{"line":207,"column":33}},"104":{"start":{"line":211,"column":2},"end":{"line":473,"column":4}},"105":{"start":{"line":217,"column":26},"end":{"line":217,"column":61}},"106":{"start":{"line":223,"column":25},"end":{"line":223,"column":59}},"107":{"start":{"line":241,"column":27},"end":{"line":241,"column":58}},"108":{"start":{"line":243,"column":10},"end":{"line":253,"column":12}},"109":{"start":{"line":258,"column":29},"end":{"line":258,"column":73}},"110":{"start":{"line":260,"column":12},"end":{"line":269,"column":14}},"111":{"start":{"line":318,"column":20},"end":{"line":319,"column":null}},"112":{"start":{"line":323,"column":24},"end":{"line":323,"column":45}},"113":{"start":{"line":324,"column":24},"end":{"line":324,"column":44}},"114":{"start":{"line":325,"column":24},"end":{"line":325,"column":38}},"115":{"start":{"line":326,"column":24},"end":{"line":326,"column":42}},"116":{"start":{"line":335,"column":28},"end":{"line":336,"column":80}},"117":{"start":{"line":356,"column":37},"end":{"line":356,"column":70}},"118":{"start":{"line":366,"column":37},"end":{"line":366,"column":70}},"119":{"start":{"line":383,"column":29},"end":{"line":383,"column":59}},"120":{"start":{"line":425,"column":12},"end":{"line":444,"column":15}},"121":{"start":{"line":431,"column":31},"end":{"line":431,"column":62}},"122":{"start":{"line":433,"column":14},"end":{"line":443,"column":16}},"123":{"start":{"line":449,"column":31},"end":{"line":449,"column":75}},"124":{"start":{"line":451,"column":14},"end":{"line":460,"column":16}},"125":{"start":{"line":476,"column":0},"end":{"line":476,"column":22}}},"fnMap":{"0":{"name":"(anonymous_8)","decl":{"start":{"line":40,"column":43},"end":{"line":40,"column":44}},"loc":{"start":{"line":40,"column":69},"end":{"line":474,"column":1}}},"1":{"name":"(anonymous_9)","decl":{"start":{"line":62,"column":12},"end":{"line":62,"column":15}},"loc":{"start":{"line":62,"column":17},"end":{"line":75,"column":3}}},"2":{"name":"(anonymous_10)","decl":{"start":{"line":77,"column":12},"end":{"line":77,"column":15}},"loc":{"start":{"line":77,"column":17},"end":{"line":90,"column":3}}},"3":{"name":"(anonymous_11)","decl":{"start":{"line":78,"column":31},"end":{"line":78,"column":32}},"loc":{"start":{"line":78,"column":53},"end":{"line":87,"column":5}}},"4":{"name":"(anonymous_12)","decl":{"start":{"line":89,"column":11},"end":{"line":89,"column":14}},"loc":{"start":{"line":89,"column":17},"end":{"line":89,"column":78}}},"5":{"name":"(anonymous_13)","decl":{"start":{"line":92,"column":12},"end":{"line":92,"column":15}},"loc":{"start":{"line":92,"column":17},"end":{"line":96,"column":3}}},"6":{"name":"(anonymous_14)","decl":{"start":{"line":98,"column":35},"end":{"line":98,"column":42}},"loc":{"start":{"line":98,"column":73},"end":{"line":129,"column":5}}},"7":{"name":"(anonymous_15)","decl":{"start":{"line":98,"column":73},"end":{"line":98,"column":null}},"loc":{"start":{"line":98,"column":73},"end":{"line":129,"column":3}}},"8":{"name":"(anonymous_16)","decl":{"start":{"line":132,"column":4},"end":{"line":132,"column":5}},"loc":{"start":{"line":132,"column":36},"end":{"line":139,"column":5}}},"9":{"name":"(anonymous_17)","decl":{"start":{"line":136,"column":46},"end":{"line":136,"column":49}},"loc":{"start":{"line":136,"column":51},"end":{"line":138,"column":7}}},"10":{"name":"(anonymous_18)","decl":{"start":{"line":143,"column":12},"end":{"line":143,"column":15}},"loc":{"start":{"line":143,"column":17},"end":{"line":149,"column":3}}},"11":{"name":"(anonymous_19)","decl":{"start":{"line":144,"column":11},"end":{"line":144,"column":14}},"loc":{"start":{"line":144,"column":16},"end":{"line":148,"column":5}}},"12":{"name":"(anonymous_20)","decl":{"start":{"line":152,"column":4},"end":{"line":152,"column":5}},"loc":{"start":{"line":152,"column":47},"end":{"line":157,"column":5}}},"13":{"name":"(anonymous_21)","decl":{"start":{"line":162,"column":4},"end":{"line":162,"column":5}},"loc":{"start":{"line":162,"column":24},"end":{"line":167,"column":5}}},"14":{"name":"(anonymous_22)","decl":{"start":{"line":171,"column":34},"end":{"line":171,"column":37}},"loc":{"start":{"line":171,"column":39},"end":{"line":184,"column":3}}},"15":{"name":"(anonymous_23)","decl":{"start":{"line":186,"column":35},"end":{"line":186,"column":38}},"loc":{"start":{"line":186,"column":40},"end":{"line":195,"column":3}}},"16":{"name":"(anonymous_24)","decl":{"start":{"line":187,"column":18},"end":{"line":187,"column":19}},"loc":{"start":{"line":187,"column":27},"end":{"line":194,"column":5}}},"17":{"name":"(anonymous_25)","decl":{"start":{"line":197,"column":35},"end":{"line":197,"column":44}},"loc":{"start":{"line":197,"column":46},"end":{"line":209,"column":5}}},"18":{"name":"(anonymous_26)","decl":{"start":{"line":197,"column":46},"end":{"line":197,"column":null}},"loc":{"start":{"line":197,"column":46},"end":{"line":209,"column":3}}},"19":{"name":"(anonymous_27)","decl":{"start":{"line":217,"column":19},"end":{"line":217,"column":22}},"loc":{"start":{"line":217,"column":26},"end":{"line":217,"column":61}}},"20":{"name":"(anonymous_28)","decl":{"start":{"line":223,"column":19},"end":{"line":223,"column":22}},"loc":{"start":{"line":223,"column":25},"end":{"line":223,"column":59}}},"21":{"name":"(anonymous_29)","decl":{"start":{"line":240,"column":14},"end":{"line":240,"column":15}},"loc":{"start":{"line":240,"column":23},"end":{"line":254,"column":9}}},"22":{"name":"(anonymous_30)","decl":{"start":{"line":257,"column":11},"end":{"line":257,"column":14}},"loc":{"start":{"line":257,"column":16},"end":{"line":270,"column":11}}},"23":{"name":"(anonymous_31)","decl":{"start":{"line":317,"column":35},"end":{"line":317,"column":36}},"loc":{"start":{"line":318,"column":20},"end":{"line":319,"column":null}}},"24":{"name":"(anonymous_32)","decl":{"start":{"line":322,"column":31},"end":{"line":322,"column":34}},"loc":{"start":{"line":322,"column":36},"end":{"line":327,"column":23}}},"25":{"name":"(anonymous_33)","decl":{"start":{"line":334,"column":35},"end":{"line":334,"column":36}},"loc":{"start":{"line":334,"column":41},"end":{"line":337,"column":27}}},"26":{"name":"(anonymous_34)","decl":{"start":{"line":356,"column":31},"end":{"line":356,"column":34}},"loc":{"start":{"line":356,"column":37},"end":{"line":356,"column":70}}},"27":{"name":"(anonymous_35)","decl":{"start":{"line":366,"column":31},"end":{"line":366,"column":34}},"loc":{"start":{"line":366,"column":37},"end":{"line":366,"column":70}}},"28":{"name":"(anonymous_36)","decl":{"start":{"line":383,"column":23},"end":{"line":383,"column":26}},"loc":{"start":{"line":383,"column":29},"end":{"line":383,"column":59}}},"29":{"name":"(anonymous_37)","decl":{"start":{"line":424,"column":12},"end":{"line":424,"column":15}},"loc":{"start":{"line":424,"column":17},"end":{"line":445,"column":11}}},"30":{"name":"(anonymous_38)","decl":{"start":{"line":430,"column":18},"end":{"line":430,"column":19}},"loc":{"start":{"line":430,"column":27},"end":{"line":444,"column":13}}},"31":{"name":"(anonymous_39)","decl":{"start":{"line":448,"column":13},"end":{"line":448,"column":16}},"loc":{"start":{"line":448,"column":18},"end":{"line":461,"column":13}}}},"branchMap":{"0":{"loc":{"start":{"line":63,"column":32},"end":{"line":63,"column":72}},"type":"binary-expr","locations":[{"start":{"line":63,"column":32},"end":{"line":63,"column":64}},{"start":{"line":63,"column":68},"end":{"line":63,"column":72}}]},"1":{"loc":{"start":{"line":67,"column":4},"end":{"line":74,"column":5}},"type":"if","locations":[{"start":{"line":67,"column":4},"end":{"line":74,"column":5}},{"start":{"line":72,"column":11},"end":{"line":74,"column":5}}]},"2":{"loc":{"start":{"line":67,"column":8},"end":{"line":67,"column":25}},"type":"binary-expr","locations":[{"start":{"line":67,"column":8},"end":{"line":67,"column":16}},{"start":{"line":67,"column":20},"end":{"line":67,"column":25}}]},"3":{"loc":{"start":{"line":79,"column":6},"end":{"line":86,"column":7}},"type":"if","locations":[{"start":{"line":79,"column":6},"end":{"line":86,"column":7}}]},"4":{"loc":{"start":{"line":80,"column":8},"end":{"line":81,"column":57}},"type":"binary-expr","locations":[{"start":{"line":80,"column":8},"end":{"line":80,"column":25}},{"start":{"line":81,"column":8},"end":{"line":81,"column":57}}]},"5":{"loc":{"start":{"line":93,"column":4},"end":{"line":95,"column":5}},"type":"if","locations":[{"start":{"line":93,"column":4},"end":{"line":95,"column":5}}]},"6":{"loc":{"start":{"line":93,"column":8},"end":{"line":93,"column":38}},"type":"binary-expr","locations":[{"start":{"line":93,"column":8},"end":{"line":93,"column":18}},{"start":{"line":93,"column":22},"end":{"line":93,"column":38}}]},"7":{"loc":{"start":{"line":99,"column":4},"end":{"line":109,"column":5}},"type":"if","locations":[{"start":{"line":99,"column":4},"end":{"line":109,"column":5}}]},"8":{"loc":{"start":{"line":133,"column":6},"end":{"line":135,"column":7}},"type":"if","locations":[{"start":{"line":133,"column":6},"end":{"line":135,"column":7}}]},"9":{"loc":{"start":{"line":145,"column":6},"end":{"line":147,"column":7}},"type":"if","locations":[{"start":{"line":145,"column":6},"end":{"line":147,"column":7}}]},"10":{"loc":{"start":{"line":163,"column":6},"end":{"line":166,"column":7}},"type":"if","locations":[{"start":{"line":163,"column":6},"end":{"line":166,"column":7}}]},"11":{"loc":{"start":{"line":163,"column":10},"end":{"line":163,"column":59}},"type":"binary-expr","locations":[{"start":{"line":163,"column":10},"end":{"line":163,"column":22}},{"start":{"line":163,"column":26},"end":{"line":163,"column":59}}]},"12":{"loc":{"start":{"line":181,"column":4},"end":{"line":183,"column":5}},"type":"if","locations":[{"start":{"line":181,"column":4},"end":{"line":183,"column":5}}]},"13":{"loc":{"start":{"line":188,"column":6},"end":{"line":192,"column":7}},"type":"if","locations":[{"start":{"line":188,"column":6},"end":{"line":192,"column":7}}]},"14":{"loc":{"start":{"line":200,"column":42},"end":{"line":200,"column":66}},"type":"binary-expr","locations":[{"start":{"line":200,"column":42},"end":{"line":200,"column":58}},{"start":{"line":200,"column":62},"end":{"line":200,"column":66}}]},"15":{"loc":{"start":{"line":225,"column":11},"end":{"line":228,"column":null}},"type":"cond-expr","locations":[{"start":{"line":226,"column":12},"end":{"line":226,"column":45}},{"start":{"line":228,"column":12},"end":{"line":228,"column":48}}]},"16":{"loc":{"start":{"line":248,"column":16},"end":{"line":248,"column":null}},"type":"cond-expr","locations":[{"start":{"line":248,"column":27},"end":{"line":248,"column":41}},{"start":{"line":248,"column":44},"end":{"line":248,"column":null}}]},"17":{"loc":{"start":{"line":255,"column":9},"end":{"line":270,"column":14}},"type":"binary-expr","locations":[{"start":{"line":255,"column":9},"end":{"line":255,"column":19}},{"start":{"line":256,"column":10},"end":{"line":256,"column":35}},{"start":{"line":257,"column":10},"end":{"line":270,"column":14}}]},"18":{"loc":{"start":{"line":264,"column":18},"end":{"line":264,"column":null}},"type":"cond-expr","locations":[{"start":{"line":264,"column":29},"end":{"line":264,"column":43}},{"start":{"line":264,"column":46},"end":{"line":264,"column":null}}]},"19":{"loc":{"start":{"line":281,"column":11},"end":{"line":374,"column":null}},"type":"binary-expr","locations":[{"start":{"line":281,"column":11},"end":{"line":281,"column":21}},{"start":{"line":282,"column":12},"end":{"line":373,"column":null}}]},"20":{"loc":{"start":{"line":294,"column":17},"end":{"line":301,"column":null}},"type":"binary-expr","locations":[{"start":{"line":294,"column":17},"end":{"line":294,"column":23}},{"start":{"line":295,"column":18},"end":{"line":300,"column":null}}]},"21":{"loc":{"start":{"line":306,"column":17},"end":{"line":309,"column":null}},"type":"binary-expr","locations":[{"start":{"line":306,"column":17},"end":{"line":306,"column":28}},{"start":{"line":307,"column":18},"end":{"line":307,"column":null}}]},"22":{"loc":{"start":{"line":311,"column":17},"end":{"line":314,"column":null}},"type":"binary-expr","locations":[{"start":{"line":311,"column":17},"end":{"line":311,"column":29}},{"start":{"line":311,"column":33},"end":{"line":311,"column":58}},{"start":{"line":311,"column":62},"end":{"line":311,"column":68}},{"start":{"line":312,"column":18},"end":{"line":312,"column":null}}]},"23":{"loc":{"start":{"line":316,"column":17},"end":{"line":348,"column":20}},"type":"binary-expr","locations":[{"start":{"line":316,"column":17},"end":{"line":316,"column":29}},{"start":{"line":317,"column":18},"end":{"line":348,"column":20}}]},"24":{"loc":{"start":{"line":351,"column":15},"end":{"line":372,"column":null}},"type":"binary-expr","locations":[{"start":{"line":351,"column":15},"end":{"line":351,"column":27}},{"start":{"line":352,"column":16},"end":{"line":352,"column":39}},{"start":{"line":353,"column":16},"end":{"line":353,"column":42}},{"start":{"line":354,"column":18},"end":{"line":371,"column":null}}]},"25":{"loc":{"start":{"line":379,"column":9},"end":{"line":417,"column":null}},"type":"cond-expr","locations":[{"start":{"line":380,"column":10},"end":{"line":409,"column":null}},{"start":{"line":412,"column":10},"end":{"line":414,"column":null}}]},"26":{"loc":{"start":{"line":391,"column":13},"end":{"line":408,"column":null}},"type":"binary-expr","locations":[{"start":{"line":391,"column":13},"end":{"line":391,"column":25}},{"start":{"line":392,"column":14},"end":{"line":407,"column":null}}]},"27":{"loc":{"start":{"line":422,"column":7},"end":{"line":470,"column":null}},"type":"binary-expr","locations":[{"start":{"line":422,"column":7},"end":{"line":422,"column":21}},{"start":{"line":423,"column":8},"end":{"line":469,"column":null}}]},"28":{"loc":{"start":{"line":438,"column":20},"end":{"line":438,"column":null}},"type":"cond-expr","locations":[{"start":{"line":438,"column":31},"end":{"line":438,"column":45}},{"start":{"line":438,"column":48},"end":{"line":438,"column":null}}]},"29":{"loc":{"start":{"line":446,"column":11},"end":{"line":461,"column":16}},"type":"binary-expr","locations":[{"start":{"line":446,"column":11},"end":{"line":446,"column":21}},{"start":{"line":447,"column":12},"end":{"line":447,"column":37}},{"start":{"line":448,"column":12},"end":{"line":461,"column":16}}]},"30":{"loc":{"start":{"line":455,"column":20},"end":{"line":455,"column":null}},"type":"cond-expr","locations":[{"start":{"line":455,"column":31},"end":{"line":455,"column":45}},{"start":{"line":455,"column":48},"end":{"line":455,"column":null}}]},"31":{"loc":{"start":{"line":462,"column":11},"end":{"line":468,"column":null}},"type":"binary-expr","locations":[{"start":{"line":462,"column":11},"end":{"line":462,"column":22}},{"start":{"line":463,"column":12},"end":{"line":465,"column":null}}]}},"s":{"0":1,"1":1,"2":1,"3":1,"4":1,"5":1,"6":1,"7":42,"8":42,"9":42,"10":42,"11":42,"12":42,"13":42,"14":42,"15":42,"16":42,"17":42,"18":42,"19":42,"20":42,"21":42,"22":42,"23":16,"24":16,"25":16,"26":16,"27":4,"28":4,"29":4,"30":4,"31":12,"32":42,"33":16,"34":1,"35":1,"36":1,"37":1,"38":16,"39":16,"40":16,"41":42,"42":22,"43":4,"44":42,"45":1,"46":1,"47":0,"48":0,"49":0,"50":0,"51":1,"52":1,"53":1,"54":1,"55":1,"56":0,"57":0,"58":0,"59":0,"60":1,"61":42,"62":2,"63":0,"64":2,"65":1,"66":42,"67":16,"68":16,"69":2,"70":42,"71":2,"72":2,"73":2,"74":2,"75":42,"76":0,"77":0,"78":0,"79":42,"80":0,"81":0,"82":0,"83":0,"84":0,"85":0,"86":42,"87":5,"88":5,"89":1,"90":1,"91":1,"92":5,"93":42,"94":2,"95":2,"96":2,"97":1,"98":1,"99":1,"100":1,"101":1,"102":1,"103":1,"104":42,"105":0,"106":4,"107":168,"108":168,"109":1,"110":1,"111":2,"112":0,"113":0,"114":0,"115":0,"116":0,"117":0,"118":0,"119":3,"120":4,"121":16,"122":16,"123":0,"124":0,"125":1},"f":{"0":42,"1":16,"2":16,"3":1,"4":16,"5":22,"6":1,"7":1,"8":2,"9":1,"10":16,"11":16,"12":2,"13":0,"14":0,"15":5,"16":5,"17":2,"18":2,"19":0,"20":4,"21":168,"22":1,"23":2,"24":0,"25":0,"26":0,"27":0,"28":3,"29":4,"30":16,"31":0},"b":{"0":[16,12],"1":[4,12],"2":[16,16],"3":[1],"4":[1,1],"5":[4],"6":[22,4],"7":[0],"8":[0],"9":[2],"10":[0],"11":[0,0],"12":[0],"13":[1],"14":[1,0],"15":[4,38],"16":[42,126],"17":[42,7,1],"18":[0,1],"19":[42,10],"20":[10,0],"21":[10,0],"22":[10,10,8,0],"23":[10,10],"24":[10,10,2,0],"25":[7,35],"26":[7,3],"27":[42,4],"28":[4,12],"29":[4,0,0],"30":[0,0],"31":[4,4]}}
,"D:\\Magic EdTech\\Project Work 1 (24-04-2025)\\movie_explorer_reactjs_preu_sharma\\src\\components\\LoginPromptModal.tsx": {"path":"D:\\Magic EdTech\\Project Work 1 (24-04-2025)\\movie_explorer_reactjs_preu_sharma\\src\\components\\LoginPromptModal.tsx","statementMap":{"0":{"start":{"line":2,"column":0},"end":{"line":2,"column":47}},"1":{"start":{"line":4,"column":25},"end":{"line":21,"column":1}},"2":{"start":{"line":5,"column":19},"end":{"line":5,"column":32}},"3":{"start":{"line":7,"column":2},"end":{"line":20,"column":4}},"4":{"start":{"line":14,"column":25},"end":{"line":14,"column":43}},"5":{"start":{"line":23,"column":0},"end":{"line":23,"column":32}}},"fnMap":{"0":{"name":"(anonymous_0)","decl":{"start":{"line":4,"column":25},"end":{"line":4,"column":28}},"loc":{"start":{"line":4,"column":30},"end":{"line":21,"column":1}}},"1":{"name":"(anonymous_1)","decl":{"start":{"line":14,"column":19},"end":{"line":14,"column":22}},"loc":{"start":{"line":14,"column":25},"end":{"line":14,"column":43}}}},"branchMap":{},"s":{"0":1,"1":1,"2":1,"3":1,"4":0,"5":1},"f":{"0":1,"1":0},"b":{}}
,"D:\\Magic EdTech\\Project Work 1 (24-04-2025)\\movie_explorer_reactjs_preu_sharma\\src\\components\\MovieCard.tsx": {"path":"D:\\Magic EdTech\\Project Work 1 (24-04-2025)\\movie_explorer_reactjs_preu_sharma\\src\\components\\MovieCard.tsx","statementMap":{"0":{"start":{"line":2,"column":0},"end":{"line":2,"column":47}},"1":{"start":{"line":3,"column":0},"end":{"line":3,"column":58}},"2":{"start":{"line":4,"column":0},"end":{"line":4,"column":36}},"3":{"start":{"line":5,"column":0},"end":{"line":5,"column":56}},"4":{"start":{"line":19,"column":44},"end":{"line":163,"column":1}},"5":{"start":{"line":30,"column":19},"end":{"line":30,"column":32}},"6":{"start":{"line":32,"column":19},"end":{"line":32,"column":54}},"7":{"start":{"line":34,"column":26},"end":{"line":51,"column":3}},"8":{"start":{"line":35,"column":4},"end":{"line":35,"column":24}},"9":{"start":{"line":36,"column":4},"end":{"line":39,"column":5}},"10":{"start":{"line":37,"column":6},"end":{"line":37,"column":59}},"11":{"start":{"line":38,"column":6},"end":{"line":38,"column":13}},"12":{"start":{"line":41,"column":25},"end":{"line":41,"column":78}},"13":{"start":{"line":42,"column":24},"end":{"line":43,"column":null}},"14":{"start":{"line":43,"column":33},"end":{"line":43,"column":48}},"15":{"start":{"line":46,"column":4},"end":{"line":50,"column":5}},"16":{"start":{"line":47,"column":26},"end":{"line":47,"column":69}},"17":{"start":{"line":48,"column":6},"end":{"line":48,"column":69}},"18":{"start":{"line":49,"column":6},"end":{"line":49,"column":49}},"19":{"start":{"line":53,"column":21},"end":{"line":61,"column":3}},"20":{"start":{"line":54,"column":4},"end":{"line":54,"column":24}},"21":{"start":{"line":55,"column":4},"end":{"line":60,"column":7}},"22":{"start":{"line":63,"column":23},"end":{"line":81,"column":4}},"23":{"start":{"line":63,"column":53},"end":{"line":81,"column":4}},"24":{"start":{"line":64,"column":4},"end":{"line":64,"column":24}},"25":{"start":{"line":66,"column":22},"end":{"line":67,"column":null}},"26":{"start":{"line":69,"column":4},"end":{"line":69,"column":27}},"27":{"start":{"line":69,"column":20},"end":{"line":69,"column":27}},"28":{"start":{"line":71,"column":20},"end":{"line":71,"column":41}},"29":{"start":{"line":73,"column":4},"end":{"line":75,"column":5}},"30":{"start":{"line":74,"column":6},"end":{"line":74,"column":19}},"31":{"start":{"line":76,"column":4},"end":{"line":80,"column":5}},"32":{"start":{"line":77,"column":6},"end":{"line":77,"column":51}},"33":{"start":{"line":79,"column":6},"end":{"line":79,"column":45}},"34":{"start":{"line":83,"column":26},"end":{"line":94,"column":3}},"35":{"start":{"line":84,"column":4},"end":{"line":93,"column":5}},"36":{"start":{"line":85,"column":6},"end":{"line":85,"column":75}},"37":{"start":{"line":86,"column":6},"end":{"line":86,"column":13}},"38":{"start":{"line":88,"column":9},"end":{"line":93,"column":5}},"39":{"start":{"line":89,"column":4},"end":{"line":89,"column":39}},"40":{"start":{"line":92,"column":6},"end":{"line":92,"column":41}},"41":{"start":{"line":96,"column":2},"end":{"line":162,"column":4}},"42":{"start":{"line":165,"column":0},"end":{"line":165,"column":25}}},"fnMap":{"0":{"name":"(anonymous_8)","decl":{"start":{"line":19,"column":44},"end":{"line":19,"column":45}},"loc":{"start":{"line":29,"column":5},"end":{"line":163,"column":1}}},"1":{"name":"(anonymous_9)","decl":{"start":{"line":34,"column":26},"end":{"line":34,"column":27}},"loc":{"start":{"line":34,"column":50},"end":{"line":51,"column":3}}},"2":{"name":"(anonymous_10)","decl":{"start":{"line":43,"column":6},"end":{"line":43,"column":7}},"loc":{"start":{"line":43,"column":33},"end":{"line":43,"column":48}}},"3":{"name":"(anonymous_11)","decl":{"start":{"line":53,"column":21},"end":{"line":53,"column":22}},"loc":{"start":{"line":53,"column":45},"end":{"line":61,"column":3}}},"4":{"name":"(anonymous_12)","decl":{"start":{"line":63,"column":23},"end":{"line":63,"column":30}},"loc":{"start":{"line":63,"column":53},"end":{"line":81,"column":4}}},"5":{"name":"(anonymous_13)","decl":{"start":{"line":63,"column":53},"end":{"line":63,"column":null}},"loc":{"start":{"line":63,"column":53},"end":{"line":81,"column":3}}},"6":{"name":"(anonymous_14)","decl":{"start":{"line":83,"column":26},"end":{"line":83,"column":29}},"loc":{"start":{"line":83,"column":31},"end":{"line":94,"column":3}}}},"branchMap":{"0":{"loc":{"start":{"line":26,"column":2},"end":{"line":26,"column":17}},"type":"default-arg","locations":[{"start":{"line":26,"column":12},"end":{"line":26,"column":17}}]},"1":{"loc":{"start":{"line":32,"column":19},"end":{"line":32,"column":54}},"type":"binary-expr","locations":[{"start":{"line":32,"column":19},"end":{"line":32,"column":26}},{"start":{"line":32,"column":30},"end":{"line":32,"column":54}}]},"2":{"loc":{"start":{"line":36,"column":4},"end":{"line":39,"column":5}},"type":"if","locations":[{"start":{"line":36,"column":4},"end":{"line":39,"column":5}}]},"3":{"loc":{"start":{"line":41,"column":36},"end":{"line":41,"column":77}},"type":"binary-expr","locations":[{"start":{"line":41,"column":36},"end":{"line":41,"column":69}},{"start":{"line":41,"column":73},"end":{"line":41,"column":77}}]},"4":{"loc":{"start":{"line":46,"column":4},"end":{"line":50,"column":5}},"type":"if","locations":[{"start":{"line":46,"column":4},"end":{"line":50,"column":5}}]},"5":{"loc":{"start":{"line":69,"column":4},"end":{"line":69,"column":27}},"type":"if","locations":[{"start":{"line":69,"column":4},"end":{"line":69,"column":27}}]},"6":{"loc":{"start":{"line":73,"column":4},"end":{"line":75,"column":5}},"type":"if","locations":[{"start":{"line":73,"column":4},"end":{"line":75,"column":5}}]},"7":{"loc":{"start":{"line":73,"column":8},"end":{"line":73,"column":27}},"type":"binary-expr","locations":[{"start":{"line":73,"column":8},"end":{"line":73,"column":15}},{"start":{"line":73,"column":19},"end":{"line":73,"column":27}}]},"8":{"loc":{"start":{"line":76,"column":4},"end":{"line":80,"column":5}},"type":"if","locations":[{"start":{"line":76,"column":4},"end":{"line":80,"column":5}},{"start":{"line":78,"column":11},"end":{"line":80,"column":5}}]},"9":{"loc":{"start":{"line":84,"column":4},"end":{"line":93,"column":5}},"type":"if","locations":[{"start":{"line":84,"column":4},"end":{"line":93,"column":5}},{"start":{"line":88,"column":9},"end":{"line":93,"column":5}}]},"10":{"loc":{"start":{"line":88,"column":9},"end":{"line":93,"column":5}},"type":"if","locations":[{"start":{"line":88,"column":9},"end":{"line":93,"column":5}},{"start":{"line":91,"column":8},"end":{"line":93,"column":5}}]},"11":{"loc":{"start":{"line":99,"column":8},"end":{"line":99,"column":null}},"type":"cond-expr","locations":[{"start":{"line":99,"column":19},"end":{"line":99,"column":50}},{"start":{"line":99,"column":53},"end":{"line":99,"column":null}}]},"12":{"loc":{"start":{"line":104,"column":7},"end":{"line":107,"column":null}},"type":"binary-expr","locations":[{"start":{"line":104,"column":7},"end":{"line":104,"column":15}},{"start":{"line":105,"column":8},"end":{"line":106,"column":null}}]},"13":{"loc":{"start":{"line":129,"column":7},"end":{"line":132,"column":null}},"type":"binary-expr","locations":[{"start":{"line":129,"column":7},"end":{"line":129,"column":15}},{"start":{"line":130,"column":8},"end":{"line":131,"column":null}}]},"14":{"loc":{"start":{"line":136,"column":7},"end":{"line":139,"column":null}},"type":"binary-expr","locations":[{"start":{"line":136,"column":7},"end":{"line":136,"column":13}},{"start":{"line":137,"column":8},"end":{"line":138,"column":null}}]},"15":{"loc":{"start":{"line":143,"column":7},"end":{"line":159,"column":null}},"type":"binary-expr","locations":[{"start":{"line":143,"column":7},"end":{"line":143,"column":32}},{"start":{"line":144,"column":8},"end":{"line":158,"column":null}}]}},"s":{"0":1,"1":1,"2":1,"3":1,"4":1,"5":9,"6":9,"7":9,"8":1,"9":1,"10":0,"11":0,"12":1,"13":1,"14":0,"15":1,"16":1,"17":1,"18":1,"19":9,"20":1,"21":1,"22":9,"23":1,"24":1,"25":1,"26":1,"27":0,"28":1,"29":1,"30":1,"31":1,"32":1,"33":0,"34":9,"35":1,"36":0,"37":0,"38":1,"39":1,"40":0,"41":9,"42":1},"f":{"0":9,"1":1,"2":0,"3":1,"4":1,"5":1,"6":1},"b":{"0":[9],"1":[9,0],"2":[0],"3":[1,1],"4":[1],"5":[0],"6":[1],"7":[1,1],"8":[1,0],"9":[0,1],"10":[1,0],"11":[0,9],"12":[9,0],"13":[9,9],"14":[9,9],"15":[9,8]}}
,"D:\\Magic EdTech\\Project Work 1 (24-04-2025)\\movie_explorer_reactjs_preu_sharma\\src\\components\\MovieListing.tsx": {"path":"D:\\Magic EdTech\\Project Work 1 (24-04-2025)\\movie_explorer_reactjs_preu_sharma\\src\\components\\MovieListing.tsx","statementMap":{"0":{"start":{"line":1,"column":0},"end":{"line":1,"column":72}},"1":{"start":{"line":2,"column":0},"end":{"line":2,"column":36}},"2":{"start":{"line":3,"column":0},"end":{"line":3,"column":null}},"3":{"start":{"line":7,"column":0},"end":{"line":7,"column":65}},"4":{"start":{"line":42,"column":54},"end":{"line":237,"column":1}},"5":{"start":{"line":47,"column":30},"end":{"line":47,"column":51}},"6":{"start":{"line":48,"column":26},"end":{"line":48,"column":37}},"7":{"start":{"line":49,"column":32},"end":{"line":49,"column":47}},"8":{"start":{"line":50,"column":32},"end":{"line":50,"column":46}},"9":{"start":{"line":51,"column":50},"end":{"line":51,"column":79}},"10":{"start":{"line":52,"column":50},"end":{"line":52,"column":71}},"11":{"start":{"line":53,"column":23},"end":{"line":53,"column":40}},"12":{"start":{"line":55,"column":22},"end":{"line":55,"column":63}},"13":{"start":{"line":56,"column":22},"end":{"line":56,"column":57}},"14":{"start":{"line":58,"column":28},"end":{"line":63,"column":3}},"15":{"start":{"line":59,"column":4},"end":{"line":59,"column":72}},"16":{"start":{"line":59,"column":24},"end":{"line":59,"column":70}},"17":{"start":{"line":59,"column":47},"end":{"line":59,"column":69}},"18":{"start":{"line":60,"column":4},"end":{"line":62,"column":6}},"19":{"start":{"line":61,"column":6},"end":{"line":61,"column":52}},"20":{"start":{"line":61,"column":29},"end":{"line":61,"column":51}},"21":{"start":{"line":65,"column":19},"end":{"line":65,"column":71}},"22":{"start":{"line":66,"column":19},"end":{"line":66,"column":44}},"23":{"start":{"line":68,"column":22},"end":{"line":106,"column":45}},"24":{"start":{"line":68,"column":45},"end":{"line":106,"column":5}},"25":{"start":{"line":69,"column":4},"end":{"line":69,"column":21}},"26":{"start":{"line":70,"column":4},"end":{"line":105,"column":5}},"27":{"start":{"line":72,"column":35},"end":{"line":72,"column":37}},"28":{"start":{"line":74,"column":6},"end":{"line":86,"column":7}},"29":{"start":{"line":75,"column":8},"end":{"line":75,"column":59}},"30":{"start":{"line":76,"column":8},"end":{"line":76,"column":46}},"31":{"start":{"line":77,"column":8},"end":{"line":79,"column":10}},"32":{"start":{"line":81,"column":8},"end":{"line":81,"column":55}},"33":{"start":{"line":82,"column":8},"end":{"line":82,"column":46}},"34":{"start":{"line":83,"column":8},"end":{"line":85,"column":10}},"35":{"start":{"line":88,"column":6},"end":{"line":92,"column":7}},"36":{"start":{"line":89,"column":8},"end":{"line":89,"column":58}},"37":{"start":{"line":89,"column":37},"end":{"line":89,"column":56}},"38":{"start":{"line":90,"column":13},"end":{"line":92,"column":7}},"39":{"start":{"line":91,"column":8},"end":{"line":91,"column":70}},"40":{"start":{"line":91,"column":37},"end":{"line":91,"column":68}},"41":{"start":{"line":94,"column":6},"end":{"line":100,"column":7}},"42":{"start":{"line":95,"column":8},"end":{"line":95,"column":43}},"43":{"start":{"line":96,"column":8},"end":{"line":96,"column":33}},"44":{"start":{"line":98,"column":8},"end":{"line":98,"column":67}},"45":{"start":{"line":98,"column":38},"end":{"line":98,"column":65}},"46":{"start":{"line":99,"column":8},"end":{"line":99,"column":57}},"47":{"start":{"line":99,"column":28},"end":{"line":99,"column":55}},"48":{"start":{"line":102,"column":6},"end":{"line":102,"column":53}},"49":{"start":{"line":104,"column":6},"end":{"line":104,"column":24}},"50":{"start":{"line":108,"column":2},"end":{"line":113,"column":40}},"51":{"start":{"line":109,"column":4},"end":{"line":109,"column":15}},"52":{"start":{"line":110,"column":4},"end":{"line":110,"column":18}},"53":{"start":{"line":111,"column":4},"end":{"line":111,"column":28}},"54":{"start":{"line":112,"column":4},"end":{"line":112,"column":21}},"55":{"start":{"line":115,"column":2},"end":{"line":117,"column":20}},"56":{"start":{"line":116,"column":4},"end":{"line":116,"column":18}},"57":{"start":{"line":119,"column":2},"end":{"line":137,"column":25}},"58":{"start":{"line":120,"column":4},"end":{"line":120,"column":24}},"59":{"start":{"line":120,"column":17},"end":{"line":120,"column":24}},"60":{"start":{"line":122,"column":4},"end":{"line":124,"column":5}},"61":{"start":{"line":123,"column":6},"end":{"line":123,"column":39}},"62":{"start":{"line":126,"column":4},"end":{"line":130,"column":7}},"63":{"start":{"line":127,"column":6},"end":{"line":129,"column":7}},"64":{"start":{"line":128,"column":8},"end":{"line":128,"column":36}},"65":{"start":{"line":128,"column":26},"end":{"line":128,"column":34}},"66":{"start":{"line":132,"column":4},"end":{"line":134,"column":5}},"67":{"start":{"line":133,"column":6},"end":{"line":133,"column":55}},"68":{"start":{"line":136,"column":4},"end":{"line":136,"column":51}},"69":{"start":{"line":136,"column":17},"end":{"line":136,"column":51}},"70":{"start":{"line":139,"column":2},"end":{"line":236,"column":4}},"71":{"start":{"line":146,"column":12},"end":{"line":147,"column":null}},"72":{"start":{"line":153,"column":29},"end":{"line":153,"column":58}},"73":{"start":{"line":165,"column":29},"end":{"line":165,"column":53}},"74":{"start":{"line":186,"column":10},"end":{"line":186,"column":30}},"75":{"start":{"line":219,"column":14},"end":{"line":219,"column":34}},"76":{"start":{"line":239,"column":0},"end":{"line":239,"column":28}}},"fnMap":{"0":{"name":"(anonymous_8)","decl":{"start":{"line":42,"column":54},"end":{"line":42,"column":55}},"loc":{"start":{"line":46,"column":5},"end":{"line":237,"column":1}}},"1":{"name":"(anonymous_9)","decl":{"start":{"line":58,"column":28},"end":{"line":58,"column":29}},"loc":{"start":{"line":58,"column":50},"end":{"line":63,"column":3}}},"2":{"name":"(anonymous_10)","decl":{"start":{"line":59,"column":14},"end":{"line":59,"column":15}},"loc":{"start":{"line":59,"column":24},"end":{"line":59,"column":70}}},"3":{"name":"(anonymous_11)","decl":{"start":{"line":59,"column":36},"end":{"line":59,"column":37}},"loc":{"start":{"line":59,"column":47},"end":{"line":59,"column":69}}},"4":{"name":"(anonymous_12)","decl":{"start":{"line":60,"column":24},"end":{"line":60,"column":25}},"loc":{"start":{"line":61,"column":6},"end":{"line":61,"column":52}}},"5":{"name":"(anonymous_13)","decl":{"start":{"line":61,"column":18},"end":{"line":61,"column":19}},"loc":{"start":{"line":61,"column":29},"end":{"line":61,"column":51}}},"6":{"name":"(anonymous_14)","decl":{"start":{"line":68,"column":34},"end":{"line":68,"column":43}},"loc":{"start":{"line":68,"column":45},"end":{"line":106,"column":5}}},"7":{"name":"(anonymous_15)","decl":{"start":{"line":68,"column":45},"end":{"line":68,"column":null}},"loc":{"start":{"line":68,"column":45},"end":{"line":106,"column":3}}},"8":{"name":"(anonymous_16)","decl":{"start":{"line":89,"column":27},"end":{"line":89,"column":28}},"loc":{"start":{"line":89,"column":37},"end":{"line":89,"column":56}}},"9":{"name":"(anonymous_17)","decl":{"start":{"line":91,"column":27},"end":{"line":91,"column":28}},"loc":{"start":{"line":91,"column":37},"end":{"line":91,"column":68}}},"10":{"name":"(anonymous_18)","decl":{"start":{"line":98,"column":28},"end":{"line":98,"column":29}},"loc":{"start":{"line":98,"column":38},"end":{"line":98,"column":65}}},"11":{"name":"(anonymous_19)","decl":{"start":{"line":99,"column":18},"end":{"line":99,"column":19}},"loc":{"start":{"line":99,"column":28},"end":{"line":99,"column":55}}},"12":{"name":"(anonymous_20)","decl":{"start":{"line":108,"column":12},"end":{"line":108,"column":15}},"loc":{"start":{"line":108,"column":17},"end":{"line":113,"column":3}}},"13":{"name":"(anonymous_21)","decl":{"start":{"line":115,"column":12},"end":{"line":115,"column":15}},"loc":{"start":{"line":115,"column":17},"end":{"line":117,"column":3}}},"14":{"name":"(anonymous_22)","decl":{"start":{"line":119,"column":12},"end":{"line":119,"column":15}},"loc":{"start":{"line":119,"column":17},"end":{"line":137,"column":3}}},"15":{"name":"(anonymous_23)","decl":{"start":{"line":126,"column":51},"end":{"line":126,"column":52}},"loc":{"start":{"line":126,"column":63},"end":{"line":130,"column":5}}},"16":{"name":"(anonymous_24)","decl":{"start":{"line":128,"column":16},"end":{"line":128,"column":17}},"loc":{"start":{"line":128,"column":26},"end":{"line":128,"column":34}}},"17":{"name":"(anonymous_25)","decl":{"start":{"line":136,"column":11},"end":{"line":136,"column":14}},"loc":{"start":{"line":136,"column":16},"end":{"line":136,"column":51}}},"18":{"name":"(anonymous_26)","decl":{"start":{"line":145,"column":47},"end":{"line":145,"column":48}},"loc":{"start":{"line":146,"column":12},"end":{"line":147,"column":null}}},"19":{"name":"(anonymous_27)","decl":{"start":{"line":153,"column":23},"end":{"line":153,"column":26}},"loc":{"start":{"line":153,"column":29},"end":{"line":153,"column":58}}},"20":{"name":"(anonymous_28)","decl":{"start":{"line":165,"column":22},"end":{"line":165,"column":23}},"loc":{"start":{"line":165,"column":29},"end":{"line":165,"column":53}}},"21":{"name":"(anonymous_29)","decl":{"start":{"line":185,"column":20},"end":{"line":185,"column":21}},"loc":{"start":{"line":186,"column":10},"end":{"line":186,"column":30}}},"22":{"name":"(anonymous_30)","decl":{"start":{"line":218,"column":46},"end":{"line":218,"column":47}},"loc":{"start":{"line":219,"column":14},"end":{"line":219,"column":34}}}},"branchMap":{"0":{"loc":{"start":{"line":65,"column":30},"end":{"line":65,"column":70}},"type":"binary-expr","locations":[{"start":{"line":65,"column":30},"end":{"line":65,"column":62}},{"start":{"line":65,"column":66},"end":{"line":65,"column":70}}]},"1":{"loc":{"start":{"line":66,"column":19},"end":{"line":66,"column":44}},"type":"binary-expr","locations":[{"start":{"line":66,"column":19},"end":{"line":66,"column":32}},{"start":{"line":66,"column":36},"end":{"line":66,"column":44}}]},"2":{"loc":{"start":{"line":74,"column":6},"end":{"line":86,"column":7}},"type":"if","locations":[{"start":{"line":74,"column":6},"end":{"line":86,"column":7}},{"start":{"line":80,"column":13},"end":{"line":86,"column":7}}]},"3":{"loc":{"start":{"line":76,"column":24},"end":{"line":76,"column":45}},"type":"binary-expr","locations":[{"start":{"line":76,"column":24},"end":{"line":76,"column":39}},{"start":{"line":76,"column":43},"end":{"line":76,"column":45}}]},"4":{"loc":{"start":{"line":78,"column":10},"end":{"line":78,"column":43}},"type":"cond-expr","locations":[{"start":{"line":78,"column":29},"end":{"line":78,"column":31}},{"start":{"line":78,"column":29},"end":{"line":78,"column":43}}]},"5":{"loc":{"start":{"line":78,"column":10},"end":{"line":78,"column":31}},"type":"binary-expr","locations":[{"start":{"line":78,"column":10},"end":{"line":78,"column":31}},{"start":{"line":78,"column":29},"end":{"line":78,"column":31}}]},"6":{"loc":{"start":{"line":78,"column":46},"end":{"line":78,"column":78}},"type":"cond-expr","locations":[{"start":{"line":78,"column":65},"end":{"line":78,"column":67}},{"start":{"line":78,"column":65},"end":{"line":78,"column":78}}]},"7":{"loc":{"start":{"line":78,"column":46},"end":{"line":78,"column":67}},"type":"binary-expr","locations":[{"start":{"line":78,"column":46},"end":{"line":78,"column":67}},{"start":{"line":78,"column":65},"end":{"line":78,"column":67}}]},"8":{"loc":{"start":{"line":82,"column":24},"end":{"line":82,"column":45}},"type":"binary-expr","locations":[{"start":{"line":82,"column":24},"end":{"line":82,"column":39}},{"start":{"line":82,"column":43},"end":{"line":82,"column":45}}]},"9":{"loc":{"start":{"line":84,"column":10},"end":{"line":84,"column":43}},"type":"cond-expr","locations":[{"start":{"line":84,"column":29},"end":{"line":84,"column":31}},{"start":{"line":84,"column":29},"end":{"line":84,"column":43}}]},"10":{"loc":{"start":{"line":84,"column":10},"end":{"line":84,"column":31}},"type":"binary-expr","locations":[{"start":{"line":84,"column":10},"end":{"line":84,"column":31}},{"start":{"line":84,"column":29},"end":{"line":84,"column":31}}]},"11":{"loc":{"start":{"line":84,"column":46},"end":{"line":84,"column":78}},"type":"cond-expr","locations":[{"start":{"line":84,"column":65},"end":{"line":84,"column":67}},{"start":{"line":84,"column":65},"end":{"line":84,"column":78}}]},"12":{"loc":{"start":{"line":84,"column":46},"end":{"line":84,"column":67}},"type":"binary-expr","locations":[{"start":{"line":84,"column":46},"end":{"line":84,"column":67}},{"start":{"line":84,"column":65},"end":{"line":84,"column":67}}]},"13":{"loc":{"start":{"line":88,"column":6},"end":{"line":92,"column":7}},"type":"if","locations":[{"start":{"line":88,"column":6},"end":{"line":92,"column":7}},{"start":{"line":90,"column":13},"end":{"line":92,"column":7}}]},"14":{"loc":{"start":{"line":90,"column":13},"end":{"line":92,"column":7}},"type":"if","locations":[{"start":{"line":90,"column":13},"end":{"line":92,"column":7}}]},"15":{"loc":{"start":{"line":94,"column":6},"end":{"line":100,"column":7}},"type":"if","locations":[{"start":{"line":94,"column":6},"end":{"line":100,"column":7}},{"start":{"line":97,"column":13},"end":{"line":100,"column":7}}]},"16":{"loc":{"start":{"line":120,"column":4},"end":{"line":120,"column":24}},"type":"if","locations":[{"start":{"line":120,"column":4},"end":{"line":120,"column":24}}]},"17":{"loc":{"start":{"line":122,"column":4},"end":{"line":124,"column":5}},"type":"if","locations":[{"start":{"line":122,"column":4},"end":{"line":124,"column":5}}]},"18":{"loc":{"start":{"line":127,"column":6},"end":{"line":129,"column":7}},"type":"if","locations":[{"start":{"line":127,"column":6},"end":{"line":129,"column":7}}]},"19":{"loc":{"start":{"line":127,"column":10},"end":{"line":127,"column":58}},"type":"binary-expr","locations":[{"start":{"line":127,"column":10},"end":{"line":127,"column":35}},{"start":{"line":127,"column":39},"end":{"line":127,"column":46}},{"start":{"line":127,"column":50},"end":{"line":127,"column":58}}]},"20":{"loc":{"start":{"line":132,"column":4},"end":{"line":134,"column":5}},"type":"if","locations":[{"start":{"line":132,"column":4},"end":{"line":134,"column":5}}]},"21":{"loc":{"start":{"line":136,"column":17},"end":{"line":136,"column":50}},"type":"cond-expr","locations":[{"start":{"line":136,"column":36},"end":{"line":136,"column":38}},{"start":{"line":136,"column":36},"end":{"line":136,"column":50}}]},"22":{"loc":{"start":{"line":136,"column":17},"end":{"line":136,"column":38}},"type":"binary-expr","locations":[{"start":{"line":136,"column":17},"end":{"line":136,"column":38}},{"start":{"line":136,"column":36},"end":{"line":136,"column":38}}]},"23":{"loc":{"start":{"line":149,"column":16},"end":{"line":151,"column":null}},"type":"cond-expr","locations":[{"start":{"line":150,"column":20},"end":{"line":150,"column":51}},{"start":{"line":151,"column":20},"end":{"line":151,"column":null}}]},"24":{"loc":{"start":{"line":180,"column":9},"end":{"line":183,"column":null}},"type":"binary-expr","locations":[{"start":{"line":180,"column":9},"end":{"line":180,"column":28}},{"start":{"line":180,"column":32},"end":{"line":180,"column":40}},{"start":{"line":181,"column":10},"end":{"line":182,"column":null}}]},"25":{"loc":{"start":{"line":182,"column":28},"end":{"line":182,"column":60}},"type":"cond-expr","locations":[{"start":{"line":182,"column":37},"end":{"line":182,"column":55}},{"start":{"line":182,"column":58},"end":{"line":182,"column":60}}]},"26":{"loc":{"start":{"line":195,"column":28},"end":{"line":195,"column":47}},"type":"binary-expr","locations":[{"start":{"line":195,"column":28},"end":{"line":195,"column":36}},{"start":{"line":195,"column":40},"end":{"line":195,"column":47}}]},"27":{"loc":{"start":{"line":204,"column":7},"end":{"line":210,"column":null}},"type":"binary-expr","locations":[{"start":{"line":204,"column":7},"end":{"line":204,"column":14}},{"start":{"line":205,"column":8},"end":{"line":209,"column":null}}]},"28":{"loc":{"start":{"line":214,"column":7},"end":{"line":233,"column":null}},"type":"binary-expr","locations":[{"start":{"line":214,"column":7},"end":{"line":214,"column":14}},{"start":{"line":215,"column":8},"end":{"line":232,"column":null}}]},"29":{"loc":{"start":{"line":228,"column":32},"end":{"line":228,"column":51}},"type":"binary-expr","locations":[{"start":{"line":228,"column":32},"end":{"line":228,"column":40}},{"start":{"line":228,"column":44},"end":{"line":228,"column":51}}]}},"s":{"0":1,"1":1,"2":1,"3":1,"4":1,"5":17,"6":17,"7":17,"8":17,"9":17,"10":17,"11":17,"12":17,"13":17,"14":17,"15":0,"16":0,"17":0,"18":0,"19":0,"20":0,"21":17,"22":17,"23":17,"24":6,"25":6,"26":6,"27":6,"28":6,"29":1,"30":1,"31":1,"32":5,"33":5,"34":5,"35":6,"36":6,"37":0,"38":0,"39":0,"40":0,"41":6,"42":6,"43":6,"44":0,"45":0,"46":0,"47":0,"48":0,"49":6,"50":17,"51":6,"52":6,"53":6,"54":6,"55":17,"56":6,"57":17,"58":15,"59":5,"60":10,"61":5,"62":10,"63":0,"64":0,"65":0,"66":10,"67":10,"68":10,"69":10,"70":17,"71":34,"72":0,"73":1,"74":3,"75":2,"76":1},"f":{"0":17,"1":0,"2":0,"3":0,"4":0,"5":0,"6":6,"7":6,"8":0,"9":0,"10":0,"11":0,"12":6,"13":6,"14":15,"15":0,"16":0,"17":10,"18":34,"19":0,"20":1,"21":3,"22":2},"b":{"0":[17,0],"1":[17,0],"2":[1,5],"3":[1,0],"4":[0,1],"5":[1,1],"6":[0,1],"7":[1,1],"8":[5,0],"9":[0,5],"10":[5,5],"11":[0,5],"12":[5,5],"13":[6,0],"14":[0],"15":[6,0],"16":[5],"17":[5],"18":[0],"19":[0,0,0],"20":[10],"21":[0,10],"22":[10,10],"23":[17,17],"24":[17,14,7],"25":[1,6],"26":[3,3],"27":[17,7],"28":[17,14],"29":[2,2]}}
,"D:\\Magic EdTech\\Project Work 1 (24-04-2025)\\movie_explorer_reactjs_preu_sharma\\src\\components\\ProtectedRoute.tsx": {"path":"D:\\Magic EdTech\\Project Work 1 (24-04-2025)\\movie_explorer_reactjs_preu_sharma\\src\\components\\ProtectedRoute.tsx","statementMap":{"0":{"start":{"line":1,"column":0},"end":{"line":1,"column":33}},"1":{"start":{"line":2,"column":0},"end":{"line":2,"column":42}},"2":{"start":{"line":3,"column":0},"end":{"line":3,"column":50}},"3":{"start":{"line":5,"column":23},"end":{"line":14,"column":1}},"4":{"start":{"line":6,"column":16},"end":{"line":6,"column":45}},"5":{"start":{"line":7,"column":22},"end":{"line":7,"column":38}},"6":{"start":{"line":9,"column":2},"end":{"line":11,"column":3}},"7":{"start":{"line":10,"column":4},"end":{"line":10,"column":32}},"8":{"start":{"line":13,"column":2},"end":{"line":13,"column":20}},"9":{"start":{"line":16,"column":0},"end":{"line":16,"column":30}}},"fnMap":{"0":{"name":"(anonymous_1)","decl":{"start":{"line":5,"column":23},"end":{"line":5,"column":26}},"loc":{"start":{"line":5,"column":28},"end":{"line":14,"column":1}}}},"branchMap":{"0":{"loc":{"start":{"line":9,"column":2},"end":{"line":11,"column":3}},"type":"if","locations":[{"start":{"line":9,"column":2},"end":{"line":11,"column":3}}]},"1":{"loc":{"start":{"line":9,"column":6},"end":{"line":9,"column":25}},"type":"binary-expr","locations":[{"start":{"line":9,"column":6},"end":{"line":9,"column":12}},{"start":{"line":9,"column":16},"end":{"line":9,"column":25}}]}},"s":{"0":1,"1":1,"2":1,"3":1,"4":2,"5":2,"6":2,"7":1,"8":1,"9":1},"f":{"0":2},"b":{"0":[1],"1":[2,1]}}
,"D:\\Magic EdTech\\Project Work 1 (24-04-2025)\\movie_explorer_reactjs_preu_sharma\\src\\components\\Subscription.tsx": {"path":"D:\\Magic EdTech\\Project Work 1 (24-04-2025)\\movie_explorer_reactjs_preu_sharma\\src\\components\\Subscription.tsx","statementMap":{"0":{"start":{"line":22,"column":0},"end":{"line":22,"column":24}},"1":{"start":{"line":1,"column":0},"end":{"line":1,"column":40}},"2":{"start":{"line":2,"column":0},"end":{"line":2,"column":null}},"3":{"start":{"line":18,"column":0},"end":{"line":18,"column":71}},"4":{"start":{"line":20,"column":0},"end":{"line":20,"column":62}},"5":{"start":{"line":23,"column":42},"end":{"line":23,"column":71}},"6":{"start":{"line":24,"column":42},"end":{"line":24,"column":57}},"7":{"start":{"line":25,"column":40},"end":{"line":25,"column":55}},"8":{"start":{"line":26,"column":28},"end":{"line":26,"column":57}},"9":{"start":{"line":28,"column":24},"end":{"line":70,"column":4}},"10":{"start":{"line":72,"column":26},"end":{"line":96,"column":4}},"11":{"start":{"line":72,"column":37},"end":{"line":96,"column":4}},"12":{"start":{"line":73,"column":4},"end":{"line":76,"column":5}},"13":{"start":{"line":74,"column":6},"end":{"line":74,"column":40}},"14":{"start":{"line":75,"column":6},"end":{"line":75,"column":13}},"15":{"start":{"line":78,"column":4},"end":{"line":78,"column":26}},"16":{"start":{"line":79,"column":4},"end":{"line":79,"column":19}},"17":{"start":{"line":81,"column":4},"end":{"line":95,"column":5}},"18":{"start":{"line":82,"column":26},"end":{"line":82,"column":64}},"19":{"start":{"line":83,"column":6},"end":{"line":88,"column":7}},"20":{"start":{"line":84,"column":8},"end":{"line":84,"column":52}},"21":{"start":{"line":85,"column":8},"end":{"line":85,"column":43}},"22":{"start":{"line":87,"column":8},"end":{"line":87,"column":65}},"23":{"start":{"line":90,"column":6},"end":{"line":90,"column":54}},"24":{"start":{"line":91,"column":6},"end":{"line":93,"column":8}},"25":{"start":{"line":94,"column":6},"end":{"line":94,"column":29}},"26":{"start":{"line":98,"column":2},"end":{"line":174,"column":3}},"27":{"start":{"line":99,"column":4},"end":{"line":173,"column":6}},"28":{"start":{"line":156,"column":33},"end":{"line":156,"column":54}},"29":{"start":{"line":157,"column":33},"end":{"line":157,"column":54}},"30":{"start":{"line":165,"column":30},"end":{"line":165,"column":65}},"31":{"start":{"line":176,"column":2},"end":{"line":379,"column":4}},"32":{"start":{"line":211,"column":12},"end":{"line":212,"column":null}},"33":{"start":{"line":262,"column":20},"end":{"line":262,"column":38}},"34":{"start":{"line":276,"column":33},"end":{"line":276,"column":57}},"35":{"start":{"line":318,"column":35},"end":{"line":318,"column":56}},"36":{"start":{"line":319,"column":35},"end":{"line":319,"column":56}}},"fnMap":{"0":{"name":"Subscription","decl":{"start":{"line":22,"column":24},"end":{"line":22,"column":36}},"loc":{"start":{"line":22,"column":36},"end":{"line":380,"column":1}}},"1":{"name":"(anonymous_8)","decl":{"start":{"line":72,"column":26},"end":{"line":72,"column":35}},"loc":{"start":{"line":72,"column":37},"end":{"line":96,"column":4}}},"2":{"name":"(anonymous_9)","decl":{"start":{"line":72,"column":37},"end":{"line":72,"column":null}},"loc":{"start":{"line":72,"column":37},"end":{"line":96,"column":3}}},"3":{"name":"(anonymous_10)","decl":{"start":{"line":156,"column":26},"end":{"line":156,"column":27}},"loc":{"start":{"line":156,"column":33},"end":{"line":156,"column":54}}},"4":{"name":"(anonymous_11)","decl":{"start":{"line":157,"column":26},"end":{"line":157,"column":27}},"loc":{"start":{"line":157,"column":33},"end":{"line":157,"column":54}}},"5":{"name":"(anonymous_12)","decl":{"start":{"line":165,"column":23},"end":{"line":165,"column":26}},"loc":{"start":{"line":165,"column":30},"end":{"line":165,"column":65}}},"6":{"name":"(anonymous_13)","decl":{"start":{"line":210,"column":21},"end":{"line":210,"column":22}},"loc":{"start":{"line":211,"column":12},"end":{"line":212,"column":null}}},"7":{"name":"(anonymous_14)","decl":{"start":{"line":261,"column":37},"end":{"line":261,"column":38}},"loc":{"start":{"line":262,"column":20},"end":{"line":262,"column":38}}},"8":{"name":"(anonymous_15)","decl":{"start":{"line":276,"column":27},"end":{"line":276,"column":30}},"loc":{"start":{"line":276,"column":33},"end":{"line":276,"column":57}}},"9":{"name":"(anonymous_16)","decl":{"start":{"line":318,"column":28},"end":{"line":318,"column":29}},"loc":{"start":{"line":318,"column":35},"end":{"line":318,"column":56}}},"10":{"name":"(anonymous_17)","decl":{"start":{"line":319,"column":28},"end":{"line":319,"column":29}},"loc":{"start":{"line":319,"column":35},"end":{"line":319,"column":56}}}},"branchMap":{"0":{"loc":{"start":{"line":73,"column":4},"end":{"line":76,"column":5}},"type":"if","locations":[{"start":{"line":73,"column":4},"end":{"line":76,"column":5}}]},"1":{"loc":{"start":{"line":83,"column":6},"end":{"line":88,"column":7}},"type":"if","locations":[{"start":{"line":83,"column":6},"end":{"line":88,"column":7}},{"start":{"line":86,"column":13},"end":{"line":88,"column":7}}]},"2":{"loc":{"start":{"line":92,"column":8},"end":{"line":92,"column":75}},"type":"binary-expr","locations":[{"start":{"line":92,"column":8},"end":{"line":92,"column":19}},{"start":{"line":92,"column":23},"end":{"line":92,"column":75}}]},"3":{"loc":{"start":{"line":98,"column":2},"end":{"line":174,"column":3}},"type":"if","locations":[{"start":{"line":98,"column":2},"end":{"line":174,"column":3}}]},"4":{"loc":{"start":{"line":156,"column":15},"end":{"line":156,"column":61}},"type":"cond-expr","locations":[{"start":{"line":156,"column":55},"end":{"line":156,"column":57}},{"start":{"line":156,"column":55},"end":{"line":156,"column":61}}]},"5":{"loc":{"start":{"line":156,"column":15},"end":{"line":156,"column":57}},"type":"binary-expr","locations":[{"start":{"line":156,"column":15},"end":{"line":156,"column":57}},{"start":{"line":156,"column":55},"end":{"line":156,"column":57}}]},"6":{"loc":{"start":{"line":157,"column":15},"end":{"line":157,"column":62}},"type":"cond-expr","locations":[{"start":{"line":157,"column":55},"end":{"line":157,"column":57}},{"start":{"line":157,"column":55},"end":{"line":157,"column":62}}]},"7":{"loc":{"start":{"line":157,"column":15},"end":{"line":157,"column":57}},"type":"binary-expr","locations":[{"start":{"line":157,"column":15},"end":{"line":157,"column":57}},{"start":{"line":157,"column":55},"end":{"line":157,"column":57}}]},"8":{"loc":{"start":{"line":221,"column":18},"end":{"line":223,"column":38}},"type":"cond-expr","locations":[{"start":{"line":222,"column":22},"end":{"line":222,"column":41}},{"start":{"line":223,"column":22},"end":{"line":223,"column":38}}]},"9":{"loc":{"start":{"line":224,"column":27},"end":{"line":224,"column":59}},"type":"cond-expr","locations":[{"start":{"line":224,"column":54},"end":{"line":224,"column":55}},{"start":{"line":224,"column":58},"end":{"line":224,"column":59}}]},"10":{"loc":{"start":{"line":235,"column":15},"end":{"line":246,"column":null}},"type":"binary-expr","locations":[{"start":{"line":235,"column":15},"end":{"line":235,"column":53}},{"start":{"line":236,"column":16},"end":{"line":245,"column":null}}]},"11":{"loc":{"start":{"line":286,"column":19},"end":{"line":286,"column":67}},"type":"cond-expr","locations":[{"start":{"line":286,"column":46},"end":{"line":286,"column":56}},{"start":{"line":286,"column":59},"end":{"line":286,"column":67}}]},"12":{"loc":{"start":{"line":294,"column":9},"end":{"line":375,"column":null}},"type":"binary-expr","locations":[{"start":{"line":294,"column":9},"end":{"line":294,"column":21}},{"start":{"line":295,"column":10},"end":{"line":374,"column":null}}]},"13":{"loc":{"start":{"line":318,"column":17},"end":{"line":318,"column":63}},"type":"cond-expr","locations":[{"start":{"line":318,"column":57},"end":{"line":318,"column":59}},{"start":{"line":318,"column":57},"end":{"line":318,"column":63}}]},"14":{"loc":{"start":{"line":318,"column":17},"end":{"line":318,"column":59}},"type":"binary-expr","locations":[{"start":{"line":318,"column":17},"end":{"line":318,"column":59}},{"start":{"line":318,"column":57},"end":{"line":318,"column":59}}]},"15":{"loc":{"start":{"line":319,"column":17},"end":{"line":319,"column":64}},"type":"cond-expr","locations":[{"start":{"line":319,"column":57},"end":{"line":319,"column":59}},{"start":{"line":319,"column":57},"end":{"line":319,"column":64}}]},"16":{"loc":{"start":{"line":319,"column":17},"end":{"line":319,"column":59}},"type":"binary-expr","locations":[{"start":{"line":319,"column":17},"end":{"line":319,"column":59}},{"start":{"line":319,"column":57},"end":{"line":319,"column":59}}]},"17":{"loc":{"start":{"line":321,"column":15},"end":{"line":324,"column":null}},"type":"binary-expr","locations":[{"start":{"line":321,"column":15},"end":{"line":321,"column":20}},{"start":{"line":322,"column":16},"end":{"line":323,"column":null}}]},"18":{"loc":{"start":{"line":338,"column":17},"end":{"line":362,"column":null}},"type":"cond-expr","locations":[{"start":{"line":339,"column":18},"end":{"line":350,"column":null}},{"start":{"line":354,"column":18},"end":{"line":361,"column":null}}]}},"s":{"0":1,"1":1,"2":1,"3":1,"4":1,"5":13,"6":13,"7":13,"8":13,"9":13,"10":13,"11":2,"12":2,"13":0,"14":0,"15":2,"16":2,"17":2,"18":2,"19":1,"20":1,"21":1,"22":0,"23":1,"24":1,"25":1,"26":13,"27":0,"28":0,"29":0,"30":0,"31":13,"32":39,"33":208,"34":4,"35":7,"36":7},"f":{"0":13,"1":2,"2":2,"3":0,"4":0,"5":0,"6":39,"7":208,"8":4,"9":7,"10":7},"b":{"0":[0],"1":[1,0],"2":[1,0],"3":[0],"4":[0,0],"5":[0,0],"6":[0,0],"7":[0,0],"8":[7,32],"9":[7,32],"10":[39,13],"11":[7,32],"12":[13,7],"13":[0,7],"14":[7,7],"15":[0,7],"16":[7,7],"17":[7,1],"18":[2,5]}}
,"D:\\Magic EdTech\\Project Work 1 (24-04-2025)\\movie_explorer_reactjs_preu_sharma\\src\\context\\SubscriptionContext.tsx": {"path":"D:\\Magic EdTech\\Project Work 1 (24-04-2025)\\movie_explorer_reactjs_preu_sharma\\src\\context\\SubscriptionContext.tsx","statementMap":{"0":{"start":{"line":1,"column":0},"end":{"line":1,"column":78}},"1":{"start":{"line":2,"column":0},"end":{"line":2,"column":65}},"2":{"start":{"line":3,"column":0},"end":{"line":3,"column":36}},"3":{"start":{"line":11,"column":28},"end":{"line":15,"column":2}},"4":{"start":{"line":17,"column":31},"end":{"line":17,"column":68}},"5":{"start":{"line":17,"column":37},"end":{"line":17,"column":68}},"6":{"start":{"line":17,"column":13},"end":{"line":17,"column":31}},"7":{"start":{"line":19,"column":77},"end":{"line":52,"column":1}},"8":{"start":{"line":22,"column":34},"end":{"line":22,"column":76}},"9":{"start":{"line":23,"column":32},"end":{"line":23,"column":47}},"10":{"start":{"line":25,"column":34},"end":{"line":39,"column":4}},"11":{"start":{"line":25,"column":45},"end":{"line":39,"column":4}},"12":{"start":{"line":26,"column":18},"end":{"line":26,"column":47}},"13":{"start":{"line":27,"column":4},"end":{"line":27,"column":23}},"14":{"start":{"line":27,"column":16},"end":{"line":27,"column":23}},"15":{"start":{"line":29,"column":4},"end":{"line":29,"column":21}},"16":{"start":{"line":30,"column":4},"end":{"line":38,"column":5}},"17":{"start":{"line":31,"column":19},"end":{"line":31,"column":53}},"18":{"start":{"line":32,"column":6},"end":{"line":32,"column":34}},"19":{"start":{"line":34,"column":6},"end":{"line":34,"column":57}},"20":{"start":{"line":35,"column":6},"end":{"line":35,"column":24}},"21":{"start":{"line":37,"column":6},"end":{"line":37,"column":24}},"22":{"start":{"line":41,"column":2},"end":{"line":43,"column":9}},"23":{"start":{"line":42,"column":4},"end":{"line":42,"column":30}},"24":{"start":{"line":45,"column":2},"end":{"line":51,"column":4}},"25":{"start":{"line":19,"column":13},"end":{"line":19,"column":77}}},"fnMap":{"0":{"name":"(anonymous_8)","decl":{"start":{"line":14,"column":17},"end":{"line":14,"column":20}},"loc":{"start":{"line":14,"column":22},"end":{"line":14,"column":25}}},"1":{"name":"(anonymous_9)","decl":{"start":{"line":17,"column":31},"end":{"line":17,"column":34}},"loc":{"start":{"line":17,"column":37},"end":{"line":17,"column":68}}},"2":{"name":"(anonymous_10)","decl":{"start":{"line":19,"column":77},"end":{"line":19,"column":78}},"loc":{"start":{"line":21,"column":5},"end":{"line":52,"column":1}}},"3":{"name":"(anonymous_11)","decl":{"start":{"line":25,"column":34},"end":{"line":25,"column":43}},"loc":{"start":{"line":25,"column":45},"end":{"line":39,"column":4}}},"4":{"name":"(anonymous_12)","decl":{"start":{"line":25,"column":45},"end":{"line":25,"column":null}},"loc":{"start":{"line":25,"column":45},"end":{"line":39,"column":3}}},"5":{"name":"(anonymous_13)","decl":{"start":{"line":41,"column":12},"end":{"line":41,"column":15}},"loc":{"start":{"line":41,"column":17},"end":{"line":43,"column":3}}}},"branchMap":{"0":{"loc":{"start":{"line":27,"column":4},"end":{"line":27,"column":23}},"type":"if","locations":[{"start":{"line":27,"column":4},"end":{"line":27,"column":23}}]}},"s":{"0":1,"1":1,"2":1,"3":1,"4":1,"5":17,"6":1,"7":1,"8":6,"9":6,"10":6,"11":5,"12":5,"13":5,"14":5,"15":0,"16":0,"17":0,"18":0,"19":0,"20":0,"21":0,"22":6,"23":5,"24":6,"25":1},"f":{"0":0,"1":17,"2":6,"3":5,"4":5,"5":5},"b":{"0":[5]}}
,"D:\\Magic EdTech\\Project Work 1 (24-04-2025)\\movie_explorer_reactjs_preu_sharma\\src\\pages\\AddMovie.tsx": {"path":"D:\\Magic EdTech\\Project Work 1 (24-04-2025)\\movie_explorer_reactjs_preu_sharma\\src\\pages\\AddMovie.tsx","statementMap":{"0":{"start":{"line":1,"column":0},"end":{"line":1,"column":51}},"1":{"start":{"line":2,"column":0},"end":{"line":2,"column":60}},"2":{"start":{"line":3,"column":0},"end":{"line":3,"column":null}},"3":{"start":{"line":8,"column":0},"end":{"line":8,"column":42}},"4":{"start":{"line":9,"column":0},"end":{"line":9,"column":42}},"5":{"start":{"line":10,"column":0},"end":{"line":10,"column":36}},"6":{"start":{"line":12,"column":27},"end":{"line":221,"column":1}},"7":{"start":{"line":13,"column":19},"end":{"line":13,"column":32}},"8":{"start":{"line":14,"column":19},"end":{"line":14,"column":32}},"9":{"start":{"line":16,"column":34},"end":{"line":27,"column":4}},"10":{"start":{"line":29,"column":30},"end":{"line":29,"column":57}},"11":{"start":{"line":30,"column":30},"end":{"line":30,"column":57}},"12":{"start":{"line":31,"column":32},"end":{"line":31,"column":44}},"13":{"start":{"line":32,"column":32},"end":{"line":32,"column":61}},"14":{"start":{"line":33,"column":30},"end":{"line":33,"column":56}},"15":{"start":{"line":35,"column":2},"end":{"line":59,"column":23}},"16":{"start":{"line":36,"column":27},"end":{"line":56,"column":6}},"17":{"start":{"line":36,"column":38},"end":{"line":56,"column":6}},"18":{"start":{"line":37,"column":6},"end":{"line":55,"column":7}},"19":{"start":{"line":38,"column":22},"end":{"line":38,"column":60}},"20":{"start":{"line":39,"column":8},"end":{"line":54,"column":9}},"21":{"start":{"line":40,"column":10},"end":{"line":52,"column":13}},"22":{"start":{"line":53,"column":10},"end":{"line":53,"column":31}},"23":{"start":{"line":58,"column":4},"end":{"line":58,"column":21}},"24":{"start":{"line":61,"column":23},"end":{"line":70,"column":3}},"25":{"start":{"line":64,"column":19},"end":{"line":64,"column":47}},"26":{"start":{"line":65,"column":43},"end":{"line":65,"column":49}},"27":{"start":{"line":66,"column":4},"end":{"line":69,"column":8}},"28":{"start":{"line":66,"column":26},"end":{"line":68,"column":null}},"29":{"start":{"line":72,"column":27},"end":{"line":81,"column":3}},"30":{"start":{"line":73,"column":4},"end":{"line":80,"column":5}},"31":{"start":{"line":74,"column":19},"end":{"line":74,"column":36}},"32":{"start":{"line":75,"column":6},"end":{"line":79,"column":7}},"33":{"start":{"line":76,"column":8},"end":{"line":76,"column":24}},"34":{"start":{"line":77,"column":13},"end":{"line":79,"column":7}},"35":{"start":{"line":78,"column":8},"end":{"line":78,"column":24}},"36":{"start":{"line":83,"column":23},"end":{"line":114,"column":4}},"37":{"start":{"line":83,"column":52},"end":{"line":114,"column":4}},"38":{"start":{"line":84,"column":4},"end":{"line":84,"column":23}},"39":{"start":{"line":86,"column":4},"end":{"line":113,"column":5}},"40":{"start":{"line":87,"column":6},"end":{"line":108,"column":7}},"41":{"start":{"line":88,"column":8},"end":{"line":92,"column":11}},"42":{"start":{"line":94,"column":8},"end":{"line":94,"column":53}},"43":{"start":{"line":95,"column":8},"end":{"line":95,"column":31}},"44":{"start":{"line":97,"column":21},"end":{"line":97,"column":35}},"45":{"start":{"line":98,"column":8},"end":{"line":98,"column":57}},"46":{"start":{"line":98,"column":20},"end":{"line":98,"column":57}},"47":{"start":{"line":99,"column":8},"end":{"line":99,"column":57}},"48":{"start":{"line":99,"column":20},"end":{"line":99,"column":57}},"49":{"start":{"line":101,"column":8},"end":{"line":103,"column":11}},"50":{"start":{"line":102,"column":10},"end":{"line":102,"column":57}},"51":{"start":{"line":105,"column":8},"end":{"line":105,"column":29}},"52":{"start":{"line":106,"column":8},"end":{"line":106,"column":51}},"53":{"start":{"line":107,"column":8},"end":{"line":107,"column":31}},"54":{"start":{"line":110,"column":18},"end":{"line":110,"column":58}},"55":{"start":{"line":111,"column":6},"end":{"line":111,"column":22}},"56":{"start":{"line":112,"column":6},"end":{"line":112,"column":23}},"57":{"start":{"line":116,"column":2},"end":{"line":220,"column":4}},"58":{"start":{"line":138,"column":14},"end":{"line":139,"column":null}},"59":{"start":{"line":223,"column":0},"end":{"line":223,"column":24}}},"fnMap":{"0":{"name":"(anonymous_17)","decl":{"start":{"line":12,"column":27},"end":{"line":12,"column":30}},"loc":{"start":{"line":12,"column":32},"end":{"line":221,"column":1}}},"1":{"name":"(anonymous_18)","decl":{"start":{"line":35,"column":12},"end":{"line":35,"column":15}},"loc":{"start":{"line":35,"column":17},"end":{"l
[...]
,"D:\\Magic EdTech\\Project Work 1 (24-04-2025)\\movie_explorer_reactjs_preu_sharma\\src\\services\\Subscription.ts": {"path":"D:\\Magic EdTech\\Project Work 1 (24-04-2025)\\movie_explorer_reactjs_preu_sharma\\src\\services\\Subscription.ts","statementMap":{"0":{"start":{"line":1,"column":17},"end":{"line":1,"column":69}},"1":{"start":{"line":3,"column":0},"end":{"line":3,"column":26}},"2":{"start":{"line":4,"column":0},"end":{"line":4,"column":36}},"3":{"start":{"line":6,"column":34},"end":{"line":45,"column":2}},"4":{"start":{"line":6,"column":78},"end":{"line":45,"column":2}},"5":{"start":{"line":7,"column":2},"end":{"line":44,"column":3}},"6":{"start":{"line":8,"column":18},"end":{"line":8,"column":47}},"7":{"start":{"line":9,"column":4},"end":{"line":9,"column":43}},"8":{"start":{"line":10,"column":4},"end":{"line":13,"column":5}},"9":{"start":{"line":11,"column":6},"end":{"line":11,"column":48}},"10":{"start":{"line":12,"column":6},"end":{"line":12,"column":55}},"11":{"start":{"line":15,"column":21},"end":{"line":23,"column":null}},"12":{"start":{"line":26,"column":4},"end":{"line":26,"column":48}},"13":{"start":{"line":28,"column":4},"end":{"line":30,"column":5}},"14":{"start":{"line":29,"column":6},"end":{"line":29,"column":43}},"15":{"start":{"line":33,"column":6},"end":{"line":35,"column":23}},"16":{"start":{"line":36,"column":4},"end":{"line":38,"column":5}},"17":{"start":{"line":37,"column":6},"end":{"line":37,"column":63}},"18":{"start":{"line":40,"column":4},"end":{"line":40,"column":23}},"19":{"start":{"line":42,"column":4},"end":{"line":42,"column":57}},"20":{"start":{"line":43,"column":4},"end":{"line":43,"column":72}},"21":{"start":{"line":6,"column":13},"end":{"line":6,"column":34}},"22":{"start":{"line":47,"column":37},"end":{"line":81,"column":2}},"23":{"start":{"line":47,"column":61},"end":{"line":81,"column":2}},"24":{"start":{"line":48,"column":2},"end":{"line":80,"column":3}},"25":{"start":{"line":49,"column":4},"end":{"line":52,"column":5}},"26":{"start":{"line":50,"column":6},"end":{"line":50,"column":48}},"27":{"start":{"line":51,"column":6},"end":{"line":51,"column":54}},"28":{"start":{"line":54,"column":21},"end":{"line":60,"column":null}},"29":{"start":{"line":63,"column":4},"end":{"line":65,"column":5}},"30":{"start":{"line":64,"column":6},"end":{"line":64,"column":43}},"31":{"start":{"line":67,"column":4},"end":{"line":67,"column":25}},"32":{"start":{"line":69,"column":4},"end":{"line":73,"column":7}},"33":{"start":{"line":74,"column":4},"end":{"line":78,"column":5}},"34":{"start":{"line":75,"column":6},"end":{"line":77,"column":8}},"35":{"start":{"line":79,"column":4},"end":{"line":79,"column":52}},"36":{"start":{"line":47,"column":13},"end":{"line":47,"column":37}},"37":{"start":{"line":95,"column":34},"end":{"line":115,"column":2}},"38":{"start":{"line":95,"column":81},"end":{"line":115,"column":2}},"39":{"start":{"line":96,"column":2},"end":{"line":98,"column":3}},"40":{"start":{"line":97,"column":4},"end":{"line":97,"column":55}},"41":{"start":{"line":100,"column":2},"end":{"line":102,"column":3}},"42":{"start":{"line":101,"column":4},"end":{"line":101,"column":76}},"43":{"start":{"line":104,"column":19},"end":{"line":111,"column":null}},"44":{"start":{"line":114,"column":2},"end":{"line":114,"column":23}},"45":{"start":{"line":95,"column":13},"end":{"line":95,"column":34}}},"fnMap":{"0":{"name":"(anonymous_8)","decl":{"start":{"line":6,"column":34},"end":{"line":6,"column":41}},"loc":{"start":{"line":6,"column":78},"end":{"line":45,"column":2}}},"1":{"name":"(anonymous_9)","decl":{"start":{"line":6,"column":78},"end":{"line":6,"column":null}},"loc":{"start":{"line":6,"column":78},"end":{"line":45,"column":1}}},"2":{"name":"(anonymous_10)","decl":{"start":{"line":47,"column":37},"end":{"line":47,"column":44}},"loc":{"start":{"line":47,"column":61},"end":{"line":81,"column":2}}},"3":{"name":"(anonymous_11)","decl":{"start":{"line":47,"column":61},"end":{"line":47,"column":null}},"loc":{"start":{"line":47,"column":61},"end":{"line":81,"column":1}}},"4":{"name":"(anonymous_12)","decl":{"start":{"line":95,"column":34},"end":{"line":95,"column":41}},"loc":{"start":{"line":95,"column":81},"end":{"line":115,"column":2}}},"5":{"name":"(anonymous_13)","decl":{"start":{"line":95,"column":81},"end":{"line":95,"column":null}},"loc":{"start":{"line":95,"column":81},"end":{"line":115,"column":1}}}},"branchMap":{"0":{"loc":{"start":{"line":10,"column":4},"end":{"line":13,"column":5}},"type":"if","locations":[{"start":{"line":10,"column":4},"end":{"line":13,"column":5}}]},"1":{"loc":{"start":{"line":28,"column":4},"end":{"line":30,"column":5}},"type":"if","locations":[{"start":{"line":28,"column":4},"end":{"line":30,"column":5}}]},"2":{"loc":{"start":{"line":33,"column":6},"end":{"line":35,"column":23}},"type":"binary-expr","locations":[{"start":{"line":33,"column":6},"end":{"line":33,"column":31}},{"start":{"line":34,"column":6},"end":{"line":34,"column":37}},{"start":{"line":35,"column":6},"end":{"line":35,"column":23}}]},"3":{"loc":{"start":{"line":34,"column":6},"end":{"line":34,"column":37}},"type":"cond-expr","locations":[{"start":{"line":34,"column":24},"end":{"line":34,"column":26}},{"start":{"line":34,"column":24},"end":{"line":34,"column":37}}]},"4":{"loc":{"start":{"line":34,"column":6},"end":{"line":34,"column":26}},"type":"binary-expr","locations":[{"start":{"line":34,"column":6},"end":{"line":34,"column":26}},{"start":{"line":34,"column":24},"end":{"line":34,"column":26}}]},"5":{"loc":{"start":{"line":36,"column":4},"end":{"line":38,"column":5}},"type":"if","locations":[{"start":{"line":36,"column":4},"end":{"line":38,"column":5}}]},"6":{"loc":{"start":{"line":43,"column":20},"end":{"line":43,"column":70}},"type":"binary-expr","locations":[{"start":{"line":43,"column":20},"end":{"line":43,"column":33}},{"start":{"line":43,"column":37},"end":{"line":43,"column":70}}]},"7":{"loc":{"start":{"line":49,"column":4},"end":{"line":52,"column":5}},"type":"if","locations":[{"start":{"line":49,"column":4},"end":{"line":52,"column":5}}]},"8":{"loc":{"start":{"line":63,"column":4},"end":{"line":65,"column":5}},"type":"if","locations":[{"start":{"line":63,"column":4},"end":{"line":65,"column":5}}]},"9":{"loc":{"start":{"line":70,"column":15},"end":{"line":70,"column":71}},"type":"cond-expr","locations":[{"start":{"line":70,"column":40},"end":{"line":70,"column":53}},{"start":{"line":70,"column":56},"end":{"line":70,"column":71}}]},"10":{"loc":{"start":{"line":71,"column":16},"end":{"line":71,"column":76}},"type":"cond-expr","locations":[{"start":{"line":71,"column":44},"end":{"line":71,"column":64}},{"start":{"line":71,"column":67},"end":{"line":71,"column":76}}]},"11":{"loc":{"start":{"line":71,"column":44},"end":{"line":71,"column":64}},"type":"cond-expr","locations":[{"start":{"line":71,"column":58},"end":{"line":71,"column":60}},{"start":{"line":71,"column":58},"end":{"line":71,"column":64}}]},"12":{"loc":{"start":{"line":71,"column":44},"end":{"line":71,"column":60}},"type":"binary-expr","locations":[{"start":{"line":71,"column":44},"end":{"line":71,"column":60}},{"start":{"line":71,"column":58},"end":{"line":71,"column":60}}]},"13":{"loc":{"start":{"line":72,"column":14},"end":{"line":72,"column":76}},"type":"cond-expr","locations":[{"start":{"line":72,"column":42},"end":{"line":72,"column":64}},{"start":{"line":72,"column":67},"end":{"line":72,"column":76}}]},"14":{"loc":{"start":{"line":72,"column":42},"end":{"line":72,"column":64}},"type":"cond-expr","locations":[{"start":{"line":72,"column":56},"end":{"line":72,"column":58}},{"start":{"line":72,"column":56},"end":{"line":72,"column":64}}]},"15":{"loc":{"start":{"line":72,"column":42},"end":{"line":72,"column":58}},"type":"binary-expr","locations":[{"start":{"line":72,"column":42},"end":{"line":72,"column":58}},{"start":{"line":72,"column":56},"end":{"line":72,"column":58}}]},"16":{"loc":{"start":{"line":74,"column":4},"end":{"line":78,"column":5}},"type":"if","locations":[{"start":{"line":74,"column":4},"end":{"line":78,"column":5}}]},"17":{"loc":{"start":{"line":76,"column":8},"end":{"line":76,"column":76}},"type":"binary-expr","locations":[{"start":{"line":76,"column":8},"end":{"line":76,"column":35}},{"start":{"line":76,"column":39},"end":{"line":76,"column":76}}]},"18":{"loc":{"start":{"line":76,"column":8},"end":{"line":76,"column":35}},"type":"cond-expr","locations":[{"start":{"line":76,"column":28},"end":{"line":76,"column":30}},{"start":{"line":76,"column":28},"end":{"line":76,"column":35}}]},"19":{"loc":{"start":{"line":76,"column":8},"end":{"line":76,"column":30}},"type":"binary-expr","locations":[{"start":{"line":76,"column":8},"end":{"line":76,"column":30}},{"start":{"line":76,"column":28},"end":{"line":76,"column":30}}]},"20":{"loc":{"start":{"line":76,"column":8},"end":{"line":76,"column":28}},"type":"cond-expr","locations":[{"start":{"line":76,"column":22},"end":{"line":76,"column":24}},{"start":{"line":76,"column":22},"end":{"line":76,"column":28}}]},"21":{"loc":{"start":{"line":76,"column":8},"end":{"line":76,"column":24}},"type":"binary-expr","locations":[{"start":{"line":76,"column":8},"end":{"line":76,"column":24}},{"start":{"line":76,"column":22},"end":{"line":76,"column":24}}]},"22":{"loc":{"start":{"line":96,"column":2},"end":{"line":98,"column":3}},"type":"if","locations":[{"start":{"line":96,"column":2},"end":{"line":98,"column":3}}]},"23":{"loc":{"start":{"line":100,"column":2},"end":{"line":102,"column":3}},"type":"if","locations":[{"start":{"line":100,"column":2},"end":{"line":102,"column":3}}]}},"s":{"0":3,"1":3,"2":3,"3":3,"4":3,"5":3,"6":3,"7":3,"8":3,"9":1,"10":1,"11":2,"12":2,"13":2,"14":0,"15":2,"16":2,"17":1,"18":1,"19":2,"20":2,"21":3,"22":3,"23":2,"24":2,"25":2,"26":1,"27":1,"28":1,"29":1,"30":0,"31":1,"32":1,"33":1,"34":0,"35":1,"36":3,"37":3,"38":3,"39":3,"40":1,"41":2,"42":1,"43":1,"44":1,"45":3},"f":{"0":3,"1":3,"2":2,"3":2,"4":3,"5":3},"b":{"0":[1],"1":[0],"2":[2,1,1],"3":[1,0],"4":[1,1],"5":[1],"6":[2,0],"7":[1],"8":[0],"9":[1,0],"10":[0,1],"11":[0,0],"12":[0,0],"13":[0,1],"14":[0,0],"15":[0,0],"16":[0],"17":[0,0],"18":[0,0],"19":[0,0],"20":[0,0],"21":[0,0],"22":[1],"23":[1]}}
,"D:\\Magic EdTech\\Project Work 1 (24-04-2025)\\movie_explorer_reactjs_preu_sharma\\src\\services\\userServices.ts": {"path":"D:\\Magic EdTech\\Project Work 1 (24-04-2025)\\movie_explorer_reactjs_preu_sharma\\src\\services\\userServices.ts","statementMap":{"0":{"start":{"line":1,"column":16},"end":{"line":1,"column":68}},"1":{"start":{"line":11,"column":26},"end":{"line":33,"column":2}},"2":{"start":{"line":16,"column":5},"end":{"line":33,"column":2}},"3":{"start":{"line":17,"column":2},"end":{"line":32,"column":3}},"4":{"start":{"line":18,"column":21},"end":{"line":22,"column":6}},"5":{"start":{"line":24,"column":17},"end":{"line":24,"column":38}},"6":{"start":{"line":25,"column":4},"end":{"line":27,"column":5}},"7":{"start":{"line":26,"column":6},"end":{"line":26,"column":74}},"8":{"start":{"line":29,"column":4},"end":{"line":29,"column":16}},"9":{"start":{"line":31,"column":4},"end":{"line":31,"column":80}},"10":{"start":{"line":11,"column":13},"end":{"line":11,"column":26}},"11":{"start":{"line":35,"column":25},"end":{"line":51,"column":2}},"12":{"start":{"line":35,"column":57},"end":{"line":51,"column":2}},"13":{"start":{"line":36,"column":2},"end":{"line":50,"column":3}},"14":{"start":{"line":37,"column":21},"end":{"line":43,"column":6}},"15":{"start":{"line":45,"column":17},"end":{"line":45,"column":38}},"16":{"start":{"line":46,"column":4},"end":{"line":46,"column":45}},"17":{"start":{"line":48,"column":4},"end":{"line":48,"column":45}},"18":{"start":{"line":49,"column":4},"end":{"line":49,"column":16}},"19":{"start":{"line":35,"column":13},"end":{"line":35,"column":25}},"20":{"start":{"line":53,"column":26},"end":{"line":75,"column":2}},"21":{"start":{"line":53,"column":37},"end":{"line":75,"column":2}},"22":{"start":{"line":54,"column":16},"end":{"line":54,"column":45}},"23":{"start":{"line":56,"column":2},"end":{"line":74,"column":3}},"24":{"start":{"line":57,"column":21},"end":{"line":63,"column":6}},"25":{"start":{"line":65,"column":4},"end":{"line":68,"column":5}},"26":{"start":{"line":66,"column":24},"end":{"line":66,"column":45}},"27":{"start":{"line":67,"column":6},"end":{"line":67,"column":61}},"28":{"start":{"line":70,"column":4},"end":{"line":70,"column":69}},"29":{"start":{"line":72,"column":4},"end":{"line":72,"column":46}},"30":{"start":{"line":73,"column":4},"end":{"line":73,"column":76}},"31":{"start":{"line":53,"column":13},"end":{"line":53,"column":26}},"32":{"start":{"line":77,"column":34},"end":{"line":118,"column":2}},"33":{"start":{"line":77,"column":72},"end":{"line":118,"column":2}},"34":{"start":{"line":78,"column":2},"end":{"line":117,"column":3}},"35":{"start":{"line":79,"column":21},"end":{"line":79,"column":53}},"36":{"start":{"line":80,"column":4},"end":{"line":82,"column":5}},"37":{"start":{"line":81,"column":6},"end":{"line":81,"column":74}},"38":{"start":{"line":84,"column":17},"end":{"line":84,"column":37}},"39":{"start":{"line":85,"column":22},"end":{"line":85,"column":33}},"40":{"start":{"line":86,"column":4},"end":{"line":88,"column":5}},"41":{"start":{"line":87,"column":6},"end":{"line":87,"column":69}},"42":{"start":{"line":90,"column":4},"end":{"line":90,"column":56}},"43":{"start":{"line":91,"column":4},"end":{"line":91,"column":48}},"44":{"start":{"line":93,"column":21},"end":{"line":100,"column":6}},"45":{"start":{"line":102,"column":4},"end":{"line":109,"column":5}},"46":{"start":{"line":103,"column":24},"end":{"line":103,"column":63}},"47":{"start":{"line":103,"column":59},"end":{"line":103,"column":61}},"48":{"start":{"line":104,"column":6},"end":{"line":108,"column":8}},"49":{"start":{"line":111,"column":17},"end":{"line":111,"column":38}},"50":{"start":{"line":112,"column":4},"end":{"line":112,"column":68}},"51":{"start":{"line":113,"column":4},"end":{"line":113,"column":16}},"52":{"start":{"line":115,"column":4},"end":{"line":115,"column":67}},"53":{"start":{"line":116,"column":4},"end":{"line":116,"column":16}},"54":{"start":{"line":77,"column":13},"end":{"line":77,"column":34}}},"fnMap":{"0":{"name":"(anonymous_7)","decl":{"start":{"line":11,"column":26},"end":{"line":11,"column":33}},"loc":{"start":{"line":16,"column":5},"end":{"line":33,"column":2}}},"1":{"name":"(anonymous_8)","decl":{"start":{"line":16,"column":5},"end":{"line":16,"column":null}},"loc":{"start":{"line":16,"column":5},"end":{"line":33,"column":1}}},"2":{"name":"(anonymous_9)","decl":{"start":{"line":35,"column":25},"end":{"line":35,"column":32}},"loc":{"start":{"line":35,"column":57},"end":{"line":51,"column":2}}},"3":{"name":"(anonymous_10)","decl":{"start":{"line":35,"column":57},"end":{"line":35,"column":null}},"loc":{"start":{"line":35,"column":57},"end":{"line":51,"column":1}}},"4":{"name":"(anonymous_11)","decl":{"start":{"line":53,"column":26},"end":{"line":53,"column":35}},"loc":{"start":{"line":53,"column":37},"end":{"line":75,"column":2}}},"5":{"name":"(anonymous_12)","decl":{"start":{"line":53,"column":37},"end":{"line":53,"column":null}},"loc":{"start":{"line":53,"column":37},"end":{"line":75,"column":1}}},"6":{"name":"(anonymous_13)","decl":{"start":{"line":77,"column":34},"end":{"line":77,"column":41}},"loc":{"start":{"line":77,"column":72},"end":{"line":118,"column":2}}},"7":{"name":"(anonymous_14)","decl":{"start":{"line":77,"column":72},"end":{"line":77,"column":null}},"loc":{"start":{"line":77,"column":72},"end":{"line":118,"column":1}}},"8":{"name":"(anonymous_15)","decl":{"start":{"line":103,"column":52},"end":{"line":103,"column":55}},"loc":{"start":{"line":103,"column":59},"end":{"line":103,"column":61}}}},"branchMap":{"0":{"loc":{"start":{"line":25,"column":4},"end":{"line":27,"column":5}},"type":"if","locations":[{"start":{"line":25,"column":4},"end":{"line":27,"column":5}}]},"1":{"loc":{"start":{"line":26,"column":22},"end":{"line":26,"column":72}},"type":"binary-expr","locations":[{"start":{"line":26,"column":22},"end":{"line":26,"column":34}},{"start":{"line":26,"column":38},"end":{"line":26,"column":72}}]},"2":{"loc":{"start":{"line":31,"column":20},"end":{"line":31,"column":78}},"type":"binary-expr","locations":[{"start":{"line":31,"column":20},"end":{"line":31,"column":33}},{"start":{"line":31,"column":37},"end":{"line":31,"column":78}}]},"3":{"loc":{"start":{"line":65,"column":4},"end":{"line":68,"column":5}},"type":"if","locations":[{"start":{"line":65,"column":4},"end":{"line":68,"column":5}}]},"4":{"loc":{"start":{"line":67,"column":22},"end":{"line":67,"column":59}},"type":"binary-expr","locations":[{"start":{"line":67,"column":22},"end":{"line":67,"column":39}},{"start":{"line":67,"column":43},"end":{"line":67,"column":59}}]},"5":{"loc":{"start":{"line":73,"column":20},"end":{"line":73,"column":74}},"type":"binary-expr","locations":[{"start":{"line":73,"column":20},"end":{"line":73,"column":33}},{"start":{"line":73,"column":37},"end":{"line":73,"column":74}}]},"6":{"loc":{"start":{"line":80,"column":4},"end":{"line":82,"column":5}},"type":"if","locations":[{"start":{"line":80,"column":4},"end":{"line":82,"column":5}}]},"7":{"loc":{"start":{"line":85,"column":22},"end":{"line":85,"column":33}},"type":"cond-expr","locations":[{"start":{"line":85,"column":26},"end":{"line":85,"column":28}},{"start":{"line":85,"column":22},"end":{"line":85,"column":33}}]},"8":{"loc":{"start":{"line":85,"column":22},"end":{"line":85,"column":28}},"type":"binary-expr","locations":[{"start":{"line":85,"column":22},"end":{"line":85,"column":28}},{"start":{"line":85,"column":22},"end":{"line":85,"column":28}}]},"9":{"loc":{"start":{"line":86,"column":4},"end":{"line":88,"column":5}},"type":"if","locations":[{"start":{"line":86,"column":4},"end":{"line":88,"column":5}}]},"10":{"loc":{"start":{"line":102,"column":4},"end":{"line":109,"column":5}},"type":"if","locations":[{"start":{"line":102,"column":4},"end":{"line":109,"column":5}}]},"11":{"loc":{"start":{"line":107,"column":14},"end":{"line":107,"column":50}},"type":"binary-expr","locations":[{"start":{"line":107,"column":14},"end":{"line":107,"column":31}},{"start":{"line":107,"column":35},"end":{"line":107,"column":50}}]}},"s":{"0":2,"1":2,"2":2,"3":2,"4":2,"5":2,"6":2,"7":1,"8":1,"9":1,"10":2,"11":2,"12":1,"13":1,"14":1,"15":1,"16":1,"17":0,"18":0,"19":2,"20":2,"21":2,"22":2,"23":2,"24":2,"25":2,"26":1,"27":1,"28":1,"29":1,"30":1,"31":2,"32":2,"33":3,"34":3,"35":3,"36":3,"37":1,"38":2,"39":2,"40":2,"41":1,"42":1,"43":1,"44":1,"45":1,"46":0,"47":0,"48":0,"49":1,"50":1,"51":1,"52":2,"53":2,"54":2},"f":{"0":2,"1":2,"2":1,"3":1,"4":2,"5":2,"6":3,"7":3,"8":0},"b":{"0":[1],"1":[1,0],"2":[1,0],"3":[1],"4":[1,0],"5":[1,0],"6":[1],"7":[0,2],"8":[2,2],"9":[1],"10":[0],"11":[0,0]}}
,"D:\\Magic EdTech\\Project Work 1 (24-04-2025)\\movie_explorer_reactjs_preu_sharma\\src\\utils\\withNavigation.tsx": {"path":"D:\\Magic EdTech\\Project Work 1 (24-04-2025)\\movie_explorer_reactjs_preu_sharma\\src\\utils\\withNavigation.tsx","statementMap":{"0":{"start":{"line":4,"column":0},"end":{"line":4,"column":16}},"1":{"start":{"line":2,"column":0},"end":{"line":2,"column":47}},"2":{"start":{"line":5,"column":2},"end":{"line":8,"column":4}},"3":{"start":{"line":6,"column":21},"end":{"line":6,"column":34}},"4":{"start":{"line":7,"column":4},"end":{"line":7,"column":56}}},"fnMap":{"0":{"name":"withNavigation","decl":{"start":{"line":4,"column":16},"end":{"line":4,"column":30}},"loc":{"start":{"line":4,"column":45},"end":{"line":9,"column":1}}},"1":{"name":"WrappedComponent","decl":{"start":{"line":5,"column":18},"end":{"line":5,"column":34}},"loc":{"start":{"line":5,"column":45},"end":{"line":8,"column":3}}}},"branchMap":{},"s":{"0":1,"1":1,"2":1,"3":11,"4":11},"f":{"0":1,"1":11},"b":{}}
}
