TN:
SF:src\components\FeaturedBanner.tsx
FN:44,(anonymous_7)
FN:55,(anonymous_8)
FN:56,(anonymous_9)
FN:56,(anonymous_10)
FN:62,(anonymous_11)
FN:79,(anonymous_12)
FN:82,(anonymous_13)
FN:83,(anonymous_14)
FN:86,(anonymous_15)
FN:145,(anonymous_16)
FN:153,(anonymous_17)
FNF:11
FNH:9
FNDA:8,(anonymous_7)
FNDA:4,(anonymous_8)
FNDA:4,(anonymous_9)
FNDA:4,(anonymous_10)
FNDA:8,(anonymous_11)
FNDA:7,(anonymous_12)
FNDA:1,(anonymous_13)
FNDA:1,(anonymous_14)
FNDA:3,(anonymous_15)
FNDA:0,(anonymous_16)
FNDA:0,(anonymous_17)
DA:1,1
DA:2,1
DA:3,1
DA:4,1
DA:16,1
DA:29,1
DA:44,1
DA:47,8
DA:48,8
DA:49,8
DA:53,8
DA:55,8
DA:56,4
DA:57,4
DA:58,4
DA:59,4
DA:61,4
DA:62,8
DA:67,4
DA:68,4
DA:71,0
DA:75,4
DA:76,4
DA:79,8
DA:80,7
DA:82,3
DA:83,1
DA:86,3
DA:89,8
DA:90,4
DA:97,4
DA:99,4
DA:145,0
DA:153,0
DA:168,1
LF:35
LH:32
BRDA:45,0,0,0
BRDA:61,1,0,4
BRDA:61,2,0,0
BRDA:61,2,1,4
BRDA:61,3,0,4
BRDA:61,3,1,4
BRDA:61,4,0,0
BRDA:61,4,1,4
BRDA:61,5,0,4
BRDA:61,5,1,4
BRDA:76,6,0,4
BRDA:76,6,1,4
BRDA:80,7,0,4
BRDA:89,8,0,4
BRDA:89,9,0,8
BRDA:89,9,1,4
BRF:16
BRH:13
end_of_record
TN:
SF:src\components\Footer.tsx
FN:5,(anonymous_0)
FN:23,(anonymous_1)
FN:24,(anonymous_2)
FN:25,(anonymous_3)
FN:26,(anonymous_4)
FN:61,(anonymous_5)
FNF:6
FNH:1
FNDA:5,(anonymous_0)
FNDA:0,(anonymous_1)
FNDA:0,(anonymous_2)
FNDA:0,(anonymous_3)
FNDA:0,(anonymous_4)
FNDA:0,(anonymous_5)
DA:2,1
DA:3,1
DA:5,1
DA:6,5
DA:8,5
DA:23,0
DA:24,0
DA:25,0
DA:26,0
DA:62,0
DA:63,0
DA:80,1
LF:12
LH:6
BRF:0
BRH:0
end_of_record
TN:
SF:src\components\Header.tsx
FN:40,(anonymous_8)
FN:62,(anonymous_9)
FN:77,(anonymous_10)
FN:78,(anonymous_11)
FN:89,(anonymous_12)
FN:92,(anonymous_13)
FN:98,(anonymous_14)
FN:98,(anonymous_15)
FN:132,(anonymous_16)
FN:136,(anonymous_17)
FN:143,(anonymous_18)
FN:144,(anonymous_19)
FN:152,(anonymous_20)
FN:162,(anonymous_21)
FN:171,(anonymous_22)
FN:186,(anonymous_23)
FN:187,(anonymous_24)
FN:197,(anonymous_25)
FN:197,(anonymous_26)
FN:217,(anonymous_27)
FN:223,(anonymous_28)
FN:240,(anonymous_29)
FN:257,(anonymous_30)
FN:317,(anonymous_31)
FN:322,(anonymous_32)
FN:334,(anonymous_33)
FN:356,(anonymous_34)
FN:366,(anonymous_35)
FN:383,(anonymous_36)
FN:424,(anonymous_37)
FN:430,(anonymous_38)
FN:448,(anonymous_39)
FNF:32
FNH:24
FNDA:42,(anonymous_8)
FNDA:16,(anonymous_9)
FNDA:16,(anonymous_10)
FNDA:1,(anonymous_11)
FNDA:16,(anonymous_12)
FNDA:22,(anonymous_13)
FNDA:1,(anonymous_14)
FNDA:1,(anonymous_15)
FNDA:2,(anonymous_16)
FNDA:1,(anonymous_17)
FNDA:16,(anonymous_18)
FNDA:16,(anonymous_19)
FNDA:2,(anonymous_20)
FNDA:0,(anonymous_21)
FNDA:0,(anonymous_22)
FNDA:5,(anonymous_23)
FNDA:5,(anonymous_24)
FNDA:2,(anonymous_25)
FNDA:2,(anonymous_26)
FNDA:0,(anonymous_27)
FNDA:4,(anonymous_28)
FNDA:168,(anonymous_29)
FNDA:1,(anonymous_30)
FNDA:2,(anonymous_31)
FNDA:0,(anonymous_32)
FNDA:0,(anonymous_33)
FNDA:0,(anonymous_34)
FNDA:0,(anonymous_35)
FNDA:3,(anonymous_36)
FNDA:4,(anonymous_37)
FNDA:16,(anonymous_38)
FNDA:0,(anonymous_39)
DA:1,1
DA:2,1
DA:3,1
DA:4,1
DA:5,1
DA:6,1
DA:40,1
DA:41,42
DA:42,42
DA:43,42
DA:44,42
DA:45,42
DA:46,42
DA:47,42
DA:48,42
DA:49,42
DA:50,42
DA:51,42
DA:57,42
DA:58,42
DA:59,42
DA:60,42
DA:62,42
DA:63,16
DA:64,16
DA:66,16
DA:67,16
DA:68,4
DA:69,4
DA:70,4
DA:71,4
DA:73,12
DA:77,42
DA:78,16
DA:79,1
DA:83,1
DA:84,1
DA:85,1
DA:88,16
DA:89,16
DA:92,42
DA:93,22
DA:94,4
DA:98,42
DA:99,1
DA:100,0
DA:101,0
DA:102,0
DA:108,0
DA:111,1
DA:112,1
DA:113,1
DA:114,1
DA:115,1
DA:117,0
DA:118,0
DA:119,0
DA:120,0
DA:127,1
DA:131,42
DA:133,2
DA:134,0
DA:136,2
DA:137,1
DA:143,42
DA:144,16
DA:145,16
DA:146,2
DA:151,42
DA:153,2
DA:154,2
DA:155,2
DA:156,2
DA:161,42
DA:163,0
DA:164,0
DA:165,0
DA:171,42
DA:172,0
DA:173,0
DA:174,0
DA:175,0
DA:181,0
DA:182,0
DA:186,42
DA:187,5
DA:188,5
DA:189,1
DA:190,1
DA:191,1
DA:193,5
DA:197,42
DA:198,2
DA:199,2
DA:200,1
DA:201,1
DA:202,1
DA:203,1
DA:204,1
DA:206,1
DA:207,1
DA:211,42
DA:217,0
DA:223,4
DA:241,168
DA:243,168
DA:258,1
DA:260,1
DA:318,2
DA:323,0
DA:324,0
DA:325,0
DA:326,0
DA:335,0
DA:356,0
DA:366,0
DA:383,3
DA:425,4
DA:431,16
DA:433,16
DA:449,0
DA:451,0
DA:476,1
LF:123
LH:95
BRDA:63,0,0,16
BRDA:63,0,1,12
BRDA:67,1,0,4
BRDA:67,1,1,12
BRDA:67,2,0,16
BRDA:67,2,1,16
BRDA:79,3,0,1
BRDA:80,4,0,1
BRDA:80,4,1,1
BRDA:93,5,0,4
BRDA:93,6,0,22
BRDA:93,6,1,4
BRDA:99,7,0,0
BRDA:133,8,0,0
BRDA:145,9,0,2
BRDA:163,10,0,0
BRDA:163,11,0,0
BRDA:163,11,1,0
BRDA:181,12,0,0
BRDA:188,13,0,1
BRDA:200,14,0,1
BRDA:200,14,1,0
BRDA:225,15,0,4
BRDA:225,15,1,38
BRDA:248,16,0,42
BRDA:248,16,1,126
BRDA:255,17,0,42
BRDA:255,17,1,7
BRDA:255,17,2,1
BRDA:264,18,0,0
BRDA:264,18,1,1
BRDA:281,19,0,42
BRDA:281,19,1,10
BRDA:294,20,0,10
BRDA:294,20,1,0
BRDA:306,21,0,10
BRDA:306,21,1,0
BRDA:311,22,0,10
BRDA:311,22,1,10
BRDA:311,22,2,8
BRDA:311,22,3,0
BRDA:316,23,0,10
BRDA:316,23,1,10
BRDA:351,24,0,10
BRDA:351,24,1,10
BRDA:351,24,2,2
BRDA:351,24,3,0
BRDA:379,25,0,7
BRDA:379,25,1,35
BRDA:391,26,0,7
BRDA:391,26,1,3
BRDA:422,27,0,42
BRDA:422,27,1,4
BRDA:438,28,0,4
BRDA:438,28,1,12
BRDA:446,29,0,4
BRDA:446,29,1,0
BRDA:446,29,2,0
BRDA:455,30,0,0
BRDA:455,30,1,0
BRDA:462,31,0,4
BRDA:462,31,1,4
BRF:62
BRH:46
end_of_record
TN:
SF:src\components\LoginPromptModal.tsx
FN:4,(anonymous_0)
FN:14,(anonymous_1)
FNF:2
FNH:1
FNDA:1,(anonymous_0)
FNDA:0,(anonymous_1)
DA:2,1
DA:4,1
DA:5,1
DA:7,1
DA:14,0
DA:23,1
LF:6
LH:5
BRF:0
BRH:0
end_of_record
TN:
SF:src\components\MovieCard.tsx
FN:19,(anonymous_8)
FN:34,(anonymous_9)
FN:43,(anonymous_10)
FN:53,(anonymous_11)
FN:63,(anonymous_12)
FN:63,(anonymous_13)
FN:83,(anonymous_14)
FNF:7
FNH:6
FNDA:9,(anonymous_8)
FNDA:1,(anonymous_9)
FNDA:0,(anonymous_10)
FNDA:1,(anonymous_11)
FNDA:1,(anonymous_12)
FNDA:1,(anonymous_13)
FNDA:1,(anonymous_14)
DA:2,1
DA:3,1
DA:4,1
DA:5,1
DA:19,1
DA:30,9
DA:32,9
DA:34,9
DA:35,1
DA:36,1
DA:37,0
DA:38,0
DA:41,1
DA:42,1
DA:43,0
DA:46,1
DA:47,1
DA:48,1
DA:49,1
DA:53,9
DA:54,1
DA:55,1
DA:63,9
DA:64,1
DA:66,1
DA:69,1
DA:71,1
DA:73,1
DA:74,1
DA:76,1
DA:77,1
DA:79,0
DA:83,9
DA:84,1
DA:85,0
DA:86,0
DA:88,1
DA:89,1
DA:92,0
DA:96,9
DA:165,1
LF:41
LH:34
BRDA:26,0,0,9
BRDA:32,1,0,9
BRDA:32,1,1,0
BRDA:36,2,0,0
BRDA:41,3,0,1
BRDA:41,3,1,1
BRDA:46,4,0,1
BRDA:69,5,0,0
BRDA:73,6,0,1
BRDA:73,7,0,1
BRDA:73,7,1,1
BRDA:76,8,0,1
BRDA:76,8,1,0
BRDA:84,9,0,0
BRDA:84,9,1,1
BRDA:88,10,0,1
BRDA:88,10,1,0
BRDA:99,11,0,0
BRDA:99,11,1,9
BRDA:104,12,0,9
BRDA:104,12,1,0
BRDA:129,13,0,9
BRDA:129,13,1,9
BRDA:136,14,0,9
BRDA:136,14,1,9
BRDA:143,15,0,9
BRDA:143,15,1,8
BRF:27
BRH:19
end_of_record
TN:
SF:src\components\MovieListing.tsx
FN:42,(anonymous_8)
FN:58,(anonymous_9)
FN:59,(anonymous_10)
FN:59,(anonymous_11)
FN:60,(anonymous_12)
FN:61,(anonymous_13)
FN:68,(anonymous_14)
FN:68,(anonymous_15)
FN:89,(anonymous_16)
FN:91,(anonymous_17)
FN:98,(anonymous_18)
FN:99,(anonymous_19)
FN:108,(anonymous_20)
FN:115,(anonymous_21)
FN:119,(anonymous_22)
FN:126,(anonymous_23)
FN:128,(anonymous_24)
FN:136,(anonymous_25)
FN:145,(anonymous_26)
FN:153,(anonymous_27)
FN:165,(anonymous_28)
FN:185,(anonymous_29)
FN:218,(anonymous_30)
FNF:23
FNH:11
FNDA:17,(anonymous_8)
FNDA:0,(anonymous_9)
FNDA:0,(anonymous_10)
FNDA:0,(anonymous_11)
FNDA:0,(anonymous_12)
FNDA:0,(anonymous_13)
FNDA:6,(anonymous_14)
FNDA:6,(anonymous_15)
FNDA:0,(anonymous_16)
FNDA:0,(anonymous_17)
FNDA:0,(anonymous_18)
FNDA:0,(anonymous_19)
FNDA:6,(anonymous_20)
FNDA:6,(anonymous_21)
FNDA:15,(anonymous_22)
FNDA:0,(anonymous_23)
FNDA:0,(anonymous_24)
FNDA:10,(anonymous_25)
FNDA:34,(anonymous_26)
FNDA:0,(anonymous_27)
FNDA:1,(anonymous_28)
FNDA:3,(anonymous_29)
FNDA:2,(anonymous_30)
DA:1,1
DA:2,1
DA:3,1
DA:7,1
DA:42,1
DA:47,17
DA:48,17
DA:49,17
DA:50,17
DA:51,17
DA:52,17
DA:53,17
DA:55,17
DA:56,17
DA:58,17
DA:59,0
DA:60,0
DA:61,0
DA:65,17
DA:66,17
DA:68,17
DA:69,6
DA:70,6
DA:72,6
DA:74,6
DA:75,1
DA:76,1
DA:77,1
DA:81,5
DA:82,5
DA:83,5
DA:88,6
DA:89,6
DA:90,0
DA:91,0
DA:94,6
DA:95,6
DA:96,6
DA:98,0
DA:99,0
DA:102,0
DA:104,6
DA:108,17
DA:109,6
DA:110,6
DA:111,6
DA:112,6
DA:115,17
DA:116,6
DA:119,17
DA:120,15
DA:122,10
DA:123,5
DA:126,10
DA:127,0
DA:128,0
DA:132,10
DA:133,10
DA:136,10
DA:139,17
DA:146,34
DA:153,0
DA:165,1
DA:186,3
DA:219,2
DA:239,1
LF:66
LH:55
BRDA:65,0,0,17
BRDA:65,0,1,0
BRDA:66,1,0,17
BRDA:66,1,1,0
BRDA:74,2,0,1
BRDA:74,2,1,5
BRDA:76,3,0,1
BRDA:76,3,1,0
BRDA:78,4,0,0
BRDA:78,4,1,1
BRDA:78,5,0,1
BRDA:78,5,1,1
BRDA:78,6,0,0
BRDA:78,6,1,1
BRDA:78,7,0,1
BRDA:78,7,1,1
BRDA:82,8,0,5
BRDA:82,8,1,0
BRDA:84,9,0,0
BRDA:84,9,1,5
BRDA:84,10,0,5
BRDA:84,10,1,5
BRDA:84,11,0,0
BRDA:84,11,1,5
BRDA:84,12,0,5
BRDA:84,12,1,5
BRDA:88,13,0,6
BRDA:88,13,1,0
BRDA:90,14,0,0
BRDA:94,15,0,6
BRDA:94,15,1,0
BRDA:120,16,0,5
BRDA:122,17,0,5
BRDA:127,18,0,0
BRDA:127,19,0,0
BRDA:127,19,1,0
BRDA:127,19,2,0
BRDA:132,20,0,10
BRDA:136,21,0,0
BRDA:136,21,1,10
BRDA:136,22,0,10
BRDA:136,22,1,10
BRDA:149,23,0,17
BRDA:149,23,1,17
BRDA:180,24,0,17
BRDA:180,24,1,14
BRDA:180,24,2,7
BRDA:182,25,0,1
BRDA:182,25,1,6
BRDA:195,26,0,3
BRDA:195,26,1,3
BRDA:204,27,0,17
BRDA:204,27,1,7
BRDA:214,28,0,17
BRDA:214,28,1,14
BRDA:228,29,0,2
BRDA:228,29,1,2
BRF:57
BRH:41
end_of_record
TN:
SF:src\components\ProtectedRoute.tsx
FN:5,(anonymous_1)
FNF:1
FNH:1
FNDA:2,(anonymous_1)
DA:1,1
DA:2,1
DA:3,1
DA:5,1
DA:6,2
DA:7,2
DA:9,2
DA:10,1
DA:13,1
DA:16,1
LF:10
LH:10
BRDA:9,0,0,1
BRDA:9,1,0,2
BRDA:9,1,1,1
BRF:3
BRH:3
end_of_record
TN:
SF:src\components\Subscription.tsx
FN:22,Subscription
FN:72,(anonymous_8)
FN:72,(anonymous_9)
FN:156,(anonymous_10)
FN:157,(anonymous_11)
FN:165,(anonymous_12)
FN:210,(anonymous_13)
FN:261,(anonymous_14)
FN:276,(anonymous_15)
FN:318,(anonymous_16)
FN:319,(anonymous_17)
FNF:11
FNH:8
FNDA:13,Subscription
FNDA:2,(anonymous_8)
FNDA:2,(anonymous_9)
FNDA:0,(anonymous_10)
FNDA:0,(anonymous_11)
FNDA:0,(anonymous_12)
FNDA:39,(anonymous_13)
FNDA:208,(anonymous_14)
FNDA:4,(anonymous_15)
FNDA:7,(anonymous_16)
FNDA:7,(anonymous_17)
DA:1,1
DA:2,1
DA:18,1
DA:20,1
DA:22,1
DA:23,13
DA:24,13
DA:25,13
DA:26,13
DA:28,13
DA:72,13
DA:73,2
DA:74,0
DA:75,0
DA:78,2
DA:79,2
DA:81,2
DA:82,2
DA:83,1
DA:84,1
DA:85,1
DA:87,0
DA:90,1
DA:91,1
DA:94,1
DA:98,13
DA:99,0
DA:156,0
DA:157,0
DA:165,0
DA:176,13
DA:211,39
DA:262,208
DA:276,4
DA:318,7
DA:319,7
LF:36
LH:29
BRDA:73,0,0,0
BRDA:83,1,0,1
BRDA:83,1,1,0
BRDA:92,2,0,1
BRDA:92,2,1,0
BRDA:98,3,0,0
BRDA:156,4,0,0
BRDA:156,4,1,0
BRDA:156,5,0,0
BRDA:156,5,1,0
BRDA:157,6,0,0
BRDA:157,6,1,0
BRDA:157,7,0,0
BRDA:157,7,1,0
BRDA:221,8,0,7
BRDA:221,8,1,32
BRDA:224,9,0,7
BRDA:224,9,1,32
BRDA:235,10,0,39
BRDA:235,10,1,13
BRDA:286,11,0,7
BRDA:286,11,1,32
BRDA:294,12,0,13
BRDA:294,12,1,7
BRDA:318,13,0,0
BRDA:318,13,1,7
BRDA:318,14,0,7
BRDA:318,14,1,7
BRDA:319,15,0,0
BRDA:319,15,1,7
BRDA:319,16,0,7
BRDA:319,16,1,7
BRDA:321,17,0,7
BRDA:321,17,1,1
BRDA:338,18,0,2
BRDA:338,18,1,5
BRF:36
BRH:22
end_of_record
TN:
SF:src\context\SubscriptionContext.tsx
FN:14,(anonymous_8)
FN:17,(anonymous_9)
FN:19,(anonymous_10)
FN:25,(anonymous_11)
FN:25,(anonymous_12)
FN:41,(anonymous_13)
FNF:6
FNH:5
FNDA:0,(anonymous_8)
FNDA:17,(anonymous_9)
FNDA:6,(anonymous_10)
FNDA:5,(anonymous_11)
FNDA:5,(anonymous_12)
FNDA:5,(anonymous_13)
DA:1,1
DA:2,1
DA:3,1
DA:11,1
DA:17,17
DA:19,1
DA:22,6
DA:23,6
DA:25,6
DA:26,5
DA:27,5
DA:29,0
DA:30,0
DA:31,0
DA:32,0
DA:34,0
DA:35,0
DA:37,0
DA:41,6
DA:42,5
DA:45,6
LF:21
LH:14
BRDA:27,0,0,5
BRF:1
BRH:1
end_of_record
TN:
SF:src\pages\AddMovie.tsx
FN:12,(anonymous_17)
FN:35,(anonymous_18)
FN:36,(anonymous_19)
FN:36,(anonymous_20)
FN:61,(anonymous_21)
FN:66,(anonymous_22)
FN:72,(anonymous_23)
FN:83,(anonymous_24)
FN:83,(anonymous_25)
FN:101,(anonymous_26)
FN:137,(anonymous_27)
FNF:11
FNH:11
FNDA:31,(anonymous_17)
FNDA:8,(anonymous_18)
FNDA:8,(anonymous_19)
FNDA:8,(anonymous_20)
FNDA:17,(anonymous_21)
FNDA:17,(anonymous_22)
FNDA:3,(anonymous_23)
FNDA:3,(anonymous_24)
FNDA:3,(anonymous_25)
FNDA:20,(anonymous_26)
FNDA:186,(anonymous_27)
DA:1,1
DA:2,1
DA:3,1
DA:8,1
DA:9,1
DA:10,1
DA:12,1
DA:13,31
DA:14,31
DA:16,31
DA:29,31
DA:30,31
DA:31,31
DA:32,31
DA:33,31
DA:35,31
DA:36,8
DA:37,8
DA:38,2
DA:39,2
DA:40,2
DA:53,2
DA:58,8
DA:61,31
DA:64,17
DA:65,17
DA:66,17
DA:72,31
DA:73,3
DA:74,3
DA:75,3
DA:76,2
DA:77,1
DA:78,1
DA:83,31
DA:84,3
DA:86,3
DA:87,3
DA:88,1
DA:94,1
DA:95,1
DA:97,2
DA:98,2
DA:99,2
DA:101,2
DA:102,20
DA:105,2
DA:106,1
DA:107,1
DA:110,1
DA:111,1
DA:112,1
DA:116,31
DA:138,186
DA:223,1
LF:55
LH:55
BRDA:37,0,0,2
BRDA:37,1,0,8
BRDA:37,1,1,2
BRDA:37,2,0,0
BRDA:37,2,1,8
BRDA:37,3,0,8
BRDA:37,3,1,8
BRDA:39,4,0,2
BRDA:41,5,0,2
BRDA:41,5,1,0
BRDA:42,6,0,2
BRDA:42,6,1,0
BRDA:43,7,0,2
BRDA:43,7,1,0
BRDA:43,8,0,0
BRDA:43,8,1,2
BRDA:43,9,0,2
BRDA:43,9,1,2
BRDA:44,10,0,2
BRDA:44,10,1,0
BRDA:44,11,0,0
BRDA:44,11,1,2
BRDA:44,12,0,2
BRDA:44,12,1,2
BRDA:45,13,0,2
BRDA:45,13,1,0
BRDA:46,14,0,2
BRDA:46,14,1,0
BRDA:47,15,0,2
BRDA:47,15,1,0
BRDA:47,16,0,0
BRDA:47,16,1,2
BRDA:47,17,0,2
BRDA:47,17,1,2
BRDA:48,18,0,2
BRDA:48,18,1,0
BRDA:50,19,0,2
BRDA:50,19,1,0
BRDA:51,20,0,2
BRDA:51,20,1,0
BRDA:68,21,0,1
BRDA:68,21,1,16
BRDA:73,22,0,3
BRDA:73,23,0,0
BRDA:73,23,1,3
BRDA:73,24,0,3
BRDA:73,24,1,3
BRDA:75,25,0,2
BRDA:75,25,1,1
BRDA:77,26,0,1
BRDA:87,27,0,1
BRDA:87,27,1,2
BRDA:90,28,0,0
BRDA:90,28,1,1
BRDA:90,29,0,1
BRDA:90,29,1,0
BRDA:91,30,0,0
BRDA:91,30,1,1
BRDA:91,31,0,1
BRDA:91,31,1,0
BRDA:98,32,0,1
BRDA:99,33,0,0
BRDA:110,34,0,1
BRDA:110,34,1,0
BRDA:122,35,0,3
BRDA:122,35,1,28
BRDA:125,36,0,31
BRDA:125,36,1,1
BRDA:183,37,0,31
BRDA:183,37,1,3
BRDA:200,38,0,31
BRDA:200,38,1,3
BRDA:213,39,0,3
BRDA:213,39,1,28
BRF:74
BRH:53
end_of_record
TN:
SF:src\pages\AllMovies.tsx
FN:6,(anonymous_1)
FNF:1
FNH:1
FNDA:1,(anonymous_1)
DA:1,1
DA:2,1
DA:3,1
DA:4,1
DA:6,1
DA:7,1
DA:8,1
DA:10,1
DA:37,1
LF:9
LH:9
BRF:0
BRH:0
end_of_record
TN:
SF:src\pages\Dashboard.tsx
FN:18,(anonymous_1)
FN:29,(anonymous_2)
FN:33,(anonymous_3)
FN:37,(anonymous_4)
FNF:4
FNH:2
FNDA:2,(anonymous_1)
FNDA:0,(anonymous_2)
FNDA:0,(anonymous_3)
FNDA:2,(anonymous_4)
DA:1,1
DA:2,1
DA:3,1
DA:4,1
DA:5,1
DA:6,1
DA:7,1
DA:19,2
DA:20,2
DA:29,2
DA:30,0
DA:33,2
DA:34,0
DA:38,2
DA:40,2
DA:100,1
LF:16
LH:14
BRF:0
BRH:0
end_of_record
TN:
SF:src\pages\Login.tsx
FN:16,(anonymous_8)
FN:24,(anonymous_9)
FN:31,(anonymous_10)
FN:31,(anonymous_11)
FN:82,(anonymous_12)
FN:86,(anonymous_13)
FN:127,(anonymous_14)
FNF:7
FNH:6
FNDA:9,(anonymous_8)
FNDA:12,(anonymous_9)
FNDA:6,(anonymous_10)
FNDA:6,(anonymous_11)
FNDA:1,(anonymous_12)
FNDA:23,(anonymous_13)
FNDA:0,(anonymous_14)
DA:1,1
DA:2,1
DA:3,1
DA:4,1
DA:17,9
DA:18,9
DA:24,9
DA:25,12
DA:26,12
DA:31,9
DA:32,6
DA:34,6
DA:35,1
DA:36,1
DA:39,5
DA:40,5
DA:41,1
DA:42,1
DA:45,4
DA:46,1
DA:47,1
DA:50,3
DA:57,3
DA:58,3
DA:60,2
DA:61,1
DA:62,1
DA:71,1
DA:72,1
DA:74,1
DA:77,1
DA:78,1
DA:82,9
DA:83,1
DA:87,23
DA:127,0
DA:162,1
LF:37
LH:36
BRDA:34,0,0,1
BRDA:34,1,0,6
BRDA:34,1,1,5
BRDA:40,2,0,1
BRDA:45,3,0,1
BRDA:60,4,0,1
BRDA:60,4,1,1
BRDA:60,5,0,2
BRDA:60,5,1,1
BRDA:74,6,0,1
BRDA:74,6,1,0
BRDA:74,7,0,1
BRDA:74,7,1,1
BRF:13
BRH:12
end_of_record
TN:
SF:src\pages\MovieDetailsPage.tsx
FN:8,(anonymous_8)
FN:14,(anonymous_9)
FN:15,(anonymous_10)
FN:15,(anonymous_11)
FN:90,(anonymous_12)
FN:109,(anonymous_13)
FNF:6
FNH:4
FNDA:7,(anonymous_8)
FNDA:5,(anonymous_9)
FNDA:5,(anonymous_10)
FNDA:5,(anonymous_11)
FNDA:0,(anonymous_12)
FNDA:0,(anonymous_13)
DA:1,1
DA:2,1
DA:3,1
DA:4,1
DA:5,1
DA:6,1
DA:8,1
DA:9,7
DA:10,7
DA:11,7
DA:12,7
DA:14,7
DA:15,5
DA:16,5
DA:17,5
DA:18,5
DA:19,4
DA:20,4
DA:21,4
DA:23,1
DA:24,1
DA:29,5
DA:32,7
DA:33,5
DA:39,2
DA:90,0
DA:91,0
DA:119,1
LF:28
LH:26
BRDA:16,0,0,5
BRDA:19,1,0,4
BRDA:19,1,1,0
BRDA:32,2,0,5
BRDA:67,3,0,2
BRDA:67,3,1,0
BRDA:72,4,0,0
BRDA:72,4,1,2
BRDA:72,5,0,2
BRDA:72,5,1,2
BRF:10
BRH:7
end_of_record
TN:
SF:src\pages\MyList.tsx
FN:6,(anonymous_10)
FN:12,(anonymous_11)
FN:17,(anonymous_12)
FN:18,(anonymous_13)
FN:54,(anonymous_14)
FN:72,(anonymous_15)
FNF:6
FNH:6
FNDA:7,(anonymous_10)
FNDA:3,(anonymous_11)
FNDA:1,(anonymous_12)
FNDA:2,(anonymous_13)
FNDA:5,(anonymous_14)
FNDA:1,(anonymous_15)
DA:1,1
DA:2,1
DA:3,1
DA:4,1
DA:6,1
DA:7,7
DA:8,7
DA:12,7
DA:13,3
DA:14,3
DA:17,7
DA:18,2
DA:19,1
DA:20,1
DA:22,1
DA:25,7
DA:55,5
DA:72,1
DA:90,1
LF:19
LH:19
BRDA:13,0,0,3
BRDA:13,0,1,0
BRDA:49,1,0,4
BRDA:49,1,1,3
BRF:4
BRH:3
end_of_record
TN:
SF:src\pages\Signup.tsx
FN:22,(anonymous_8)
FN:35,(anonymous_9)
FN:39,(anonymous_10)
FN:45,(anonymous_11)
FN:49,(anonymous_12)
FN:49,(anonymous_13)
FN:116,(anonymous_14)
FNF:7
FNH:7
FNDA:4,(anonymous_8)
FNDA:15,(anonymous_9)
FNDA:15,(anonymous_10)
FNDA:3,(anonymous_11)
FNDA:3,(anonymous_12)
FNDA:3,(anonymous_13)
FNDA:24,(anonymous_14)
DA:1,1
DA:2,1
DA:3,1
DA:4,1
DA:5,1
DA:23,4
DA:24,4
DA:35,4
DA:38,15
DA:39,15
DA:45,4
DA:46,3
DA:49,4
DA:50,3
DA:58,3
DA:60,3
DA:61,3
DA:62,3
DA:63,3
DA:65,3
DA:66,0
DA:70,0
DA:72,3
DA:73,0
DA:74,0
DA:76,3
DA:77,0
DA:78,0
DA:80,3
DA:81,0
DA:85,0
DA:87,3
DA:88,1
DA:89,1
DA:91,2
DA:92,0
DA:93,0
DA:96,2
DA:103,2
DA:104,2
DA:105,1
DA:106,1
DA:107,1
DA:109,1
DA:110,1
DA:125,24
DA:127,24
DA:241,1
LF:48
LH:38
BRDA:41,0,0,0
BRDA:41,0,1,15
BRDA:65,1,0,0
BRDA:72,2,0,0
BRDA:76,3,0,0
BRDA:80,4,0,0
BRDA:87,5,0,1
BRDA:91,6,0,0
BRDA:111,7,0,1
BRDA:111,7,1,0
BRDA:111,8,0,1
BRDA:111,8,1,1
BRDA:151,9,0,24
BRDA:151,9,1,2
BRF:14
BRH:7
end_of_record
TN:
SF:src\services\MovieServices.ts
FN:22,(anonymous_8)
FN:22,(anonymous_9)
FN:39,(anonymous_10)
FN:41,(anonymous_11)
FN:65,(anonymous_12)
FN:65,(anonymous_13)
FN:94,(anonymous_14)
FN:97,(anonymous_15)
FN:153,(anonymous_16)
FN:156,(anonymous_17)
FN:226,(anonymous_18)
FN:229,(anonymous_19)
FN:288,(anonymous_20)
FN:288,(anonymous_21)
FNF:14
FNH:8
FNDA:1,(anonymous_8)
FNDA:1,(anonymous_9)
FNDA:0,(anonymous_10)
FNDA:0,(anonymous_11)
FNDA:1,(anonymous_12)
FNDA:1,(anonymous_13)
FNDA:0,(anonymous_14)
FNDA:0,(anonymous_15)
FNDA:1,(anonymous_16)
FNDA:1,(anonymous_17)
FNDA:0,(anonymous_18)
FNDA:0,(anonymous_19)
FNDA:2,(anonymous_20)
FNDA:2,(anonymous_21)
DA:1,4
DA:2,4
DA:4,4
DA:22,4
DA:23,1
DA:24,1
DA:30,1
DA:31,1
DA:33,1
DA:35,0
DA:39,4
DA:41,0
DA:42,0
DA:43,0
DA:44,0
DA:45,0
DA:48,0
DA:56,0
DA:58,0
DA:59,0
DA:62,0
DA:65,4
DA:66,1
DA:67,1
DA:68,1
DA:75,1
DA:76,1
DA:77,1
DA:79,0
DA:80,0
DA:94,4
DA:97,0
DA:98,0
DA:99,0
DA:110,0
DA:120,0
DA:121,0
DA:123,0
DA:127,0
DA:153,4
DA:156,1
DA:157,1
DA:158,1
DA:169,1
DA:179,1
DA:180,1
DA:182,0
DA:186,0
DA:226,4
DA:229,0
DA:230,0
DA:231,0
DA:232,0
DA:233,0
DA:234,0
DA:237,0
DA:238,0
DA:239,0
DA:241,0
DA:242,0
DA:243,0
DA:246,0
DA:247,0
DA:248,0
DA:249,0
DA:250,0
DA:251,0
DA:252,0
DA:253,0
DA:254,0
DA:256,0
DA:257,0
DA:260,0
DA:261,0
DA:264,0
DA:276,0
DA:277,0
DA:278,0
DA:280,0
DA:282,0
DA:283,0
DA:284,0
DA:288,4
DA:289,2
DA:290,2
DA:291,2
DA:292,2
DA:293,0
DA:294,0
DA:297,2
DA:304,1
DA:305,1
DA:306,1
DA:308,1
DA:310,1
DA:311,1
DA:312,1
LF:97
LH:39
BRDA:44,0,0,0
BRDA:58,1,0,0
BRDA:59,2,0,0
BRDA:59,2,1,0
BRDA:96,3,0,0
BRDA:111,4,0,0
BRDA:111,4,1,0
BRDA:112,5,0,0
BRDA:112,5,1,0
BRDA:115,6,0,0
BRDA:115,6,1,0
BRDA:115,7,0,0
BRDA:115,7,1,0
BRDA:115,8,0,0
BRDA:115,8,1,0
BRDA:155,9,0,1
BRDA:170,10,0,1
BRDA:170,10,1,0
BRDA:171,11,0,1
BRDA:171,11,1,0
BRDA:174,12,0,0
BRDA:174,12,1,0
BRDA:174,13,0,0
BRDA:174,13,1,0
BRDA:174,14,0,0
BRDA:174,14,1,0
BRDA:232,15,0,0
BRDA:241,16,0,0
BRDA:256,17,0,0
BRDA:260,18,0,0
BRDA:280,19,0,0
BRDA:280,19,1,0
BRDA:280,20,0,0
BRDA:280,20,1,0
BRDA:282,21,0,0
BRDA:282,21,1,0
BRDA:282,22,0,0
BRDA:282,22,1,0
BRDA:282,23,0,0
BRDA:282,23,1,0
BRDA:282,24,0,0
BRDA:282,24,1,0
BRDA:282,25,0,0
BRDA:282,25,1,0
BRDA:292,26,0,0
BRDA:308,27,0,0
BRDA:308,27,1,1
BRDA:308,28,0,1
BRDA:308,28,1,1
BRDA:310,29,0,1
BRDA:310,29,1,0
BRDA:310,30,0,0
BRDA:310,30,1,1
BRDA:310,31,0,1
BRDA:310,31,1,1
BRDA:310,32,0,0
BRDA:310,32,1,1
BRDA:310,33,0,1
BRDA:310,33,1,1
BRF:59
BRH:13
end_of_record
TN:
SF:src\services\Subscription.ts
FN:6,(anonymous_8)
FN:6,(anonymous_9)
FN:47,(anonymous_10)
FN:47,(anonymous_11)
FN:95,(anonymous_12)
FN:95,(anonymous_13)
FNF:6
FNH:6
FNDA:3,(anonymous_8)
FNDA:3,(anonymous_9)
FNDA:2,(anonymous_10)
FNDA:2,(anonymous_11)
FNDA:3,(anonymous_12)
FNDA:3,(anonymous_13)
DA:1,3
DA:3,3
DA:4,3
DA:6,3
DA:7,3
DA:8,3
DA:9,3
DA:10,3
DA:11,1
DA:12,1
DA:15,2
DA:26,2
DA:28,2
DA:29,0
DA:33,2
DA:36,2
DA:37,1
DA:40,1
DA:42,2
DA:43,2
DA:47,3
DA:48,2
DA:49,2
DA:50,1
DA:51,1
DA:54,1
DA:63,1
DA:64,0
DA:67,1
DA:69,1
DA:74,1
DA:75,0
DA:79,1
DA:95,3
DA:96,3
DA:97,1
DA:100,2
DA:101,1
DA:104,1
DA:114,1
LF:40
LH:37
BRDA:10,0,0,1
BRDA:28,1,0,0
BRDA:33,2,0,2
BRDA:33,2,1,1
BRDA:33,2,2,1
BRDA:34,3,0,1
BRDA:34,3,1,0
BRDA:34,4,0,1
BRDA:34,4,1,1
BRDA:36,5,0,1
BRDA:43,6,0,2
BRDA:43,6,1,0
BRDA:49,7,0,1
BRDA:63,8,0,0
BRDA:70,9,0,1
BRDA:70,9,1,0
BRDA:71,10,0,0
BRDA:71,10,1,1
BRDA:71,11,0,0
BRDA:71,11,1,0
BRDA:71,12,0,0
BRDA:71,12,1,0
BRDA:72,13,0,0
BRDA:72,13,1,1
BRDA:72,14,0,0
BRDA:72,14,1,0
BRDA:72,15,0,0
BRDA:72,15,1,0
BRDA:74,16,0,0
BRDA:76,17,0,0
BRDA:76,17,1,0
BRDA:76,18,0,0
BRDA:76,18,1,0
BRDA:76,19,0,0
BRDA:76,19,1,0
BRDA:76,20,0,0
BRDA:76,20,1,0
BRDA:76,21,0,0
BRDA:76,21,1,0
BRDA:96,22,0,1
BRDA:100,23,0,1
BRF:41
BRH:15
end_of_record
TN:
SF:src\services\userServices.ts
FN:11,(anonymous_7)
FN:16,(anonymous_8)
FN:35,(anonymous_9)
FN:35,(anonymous_10)
FN:53,(anonymous_11)
FN:53,(anonymous_12)
FN:77,(anonymous_13)
FN:77,(anonymous_14)
FN:103,(anonymous_15)
FNF:9
FNH:8
FNDA:2,(anonymous_7)
FNDA:2,(anonymous_8)
FNDA:1,(anonymous_9)
FNDA:1,(anonymous_10)
FNDA:2,(anonymous_11)
FNDA:2,(anonymous_12)
FNDA:3,(anonymous_13)
FNDA:3,(anonymous_14)
FNDA:0,(anonymous_15)
DA:1,2
DA:11,2
DA:16,2
DA:17,2
DA:18,2
DA:24,2
DA:25,2
DA:26,1
DA:29,1
DA:31,1
DA:35,2
DA:36,1
DA:37,1
DA:45,1
DA:46,1
DA:48,0
DA:49,0
DA:53,2
DA:54,2
DA:56,2
DA:57,2
DA:65,2
DA:66,1
DA:67,1
DA:70,1
DA:72,1
DA:73,1
DA:77,3
DA:78,3
DA:79,3
DA:80,3
DA:81,1
DA:84,2
DA:85,2
DA:86,2
DA:87,1
DA:90,1
DA:91,1
DA:93,1
DA:102,1
DA:103,0
DA:104,0
DA:111,1
DA:112,1
DA:113,1
DA:115,2
DA:116,2
LF:47
LH:43
BRDA:25,0,0,1
BRDA:26,1,0,1
BRDA:26,1,1,0
BRDA:31,2,0,1
BRDA:31,2,1,0
BRDA:65,3,0,1
BRDA:67,4,0,1
BRDA:67,4,1,0
BRDA:73,5,0,1
BRDA:73,5,1,0
BRDA:80,6,0,1
BRDA:85,7,0,0
BRDA:85,7,1,2
BRDA:85,8,0,2
BRDA:85,8,1,2
BRDA:86,9,0,1
BRDA:102,10,0,0
BRDA:107,11,0,0
BRDA:107,11,1,0
BRF:19
BRH:11
end_of_record
TN:
SF:src\utils\withNavigation.tsx
FN:4,withNavigation
FN:5,WrappedComponent
FNF:2
FNH:2
FNDA:1,withNavigation
FNDA:11,WrappedComponent
DA:2,1
DA:4,1
DA:5,1
DA:6,11
DA:7,11
LF:5
LH:5
BRF:0
BRH:0
end_of_record
